#
# There is insufficient memory for the Java Runtime Environment to continue.
# Native memory allocation (mmap) failed to map 4161536 bytes for G1 virtual space
# Possible reasons:
#   The system is out of physical RAM or swap space
#   The process is running with CompressedOops enabled, and the Java Heap may be blocking the growth of the native heap
# Possible solutions:
#   Reduce memory load on the system
#   Increase physical memory or swap space
#   Check if swap backing store is full
#   Decrease Java heap size (-Xmx/-Xms)
#   Decrease number of Java threads
#   Decrease Java thread stack sizes (-Xss)
#   Set larger code cache with -XX:ReservedCodeCacheSize=
#   JVM is running with Zero Based Compressed Oops mode in which the Java heap is
#     placed in the first 32GB address space. The Java Heap base address is the
#     maximum limit for the native heap growth. Please use -XX:HeapBaseMinAddress
#     to set the Java Heap base and to place the Java Heap above 32GB virtual address.
# This output file may be truncated or incomplete.
#
#  Out of Memory Error (os_windows.cpp:3825), pid=28700, tid=9416
#
# JRE version:  (17.0.10+8) (build )
# Java VM: OpenJDK 64-Bit Server VM (17.0.10+8-b1207.12, mixed mode, sharing, tiered, compressed oops, compressed class ptrs, g1 gc, windows-amd64)
# No core dump will be written. Minidumps are not enabled by default on client versions of Windows
#

---------------  S U M M A R Y ------------

Command Line: git4idea.http.GitAskPassApp Username for 'https://github.com': 

Host: Intel(R) Core(TM) i5-10300H CPU @ 2.50GHz, 8 cores, 15G,  Windows 11 , 64 bit Build 22621 (10.0.22621.4391)
Time: Wed Nov 20 10:53:45 2024 SE Asia Standard Time elapsed time: 0.011234 seconds (0d 0h 0m 0s)

---------------  T H R E A D  ---------------

Current thread (0x000002439dfd0b80):  JavaThread "Unknown thread" [_thread_in_vm, id=9416, stack(0x000000649be00000,0x000000649bf00000)]

Stack: [0x000000649be00000,0x000000649bf00000]
Native frames: (J=compiled Java code, j=interpreted, Vv=VM code, C=native code)
V  [jvm.dll+0x687989]
V  [jvm.dll+0x84116a]
V  [jvm.dll+0x842dae]
V  [jvm.dll+0x843413]
V  [jvm.dll+0x249ccf]
V  [jvm.dll+0x684759]
V  [jvm.dll+0x67900a]
V  [jvm.dll+0x30ab0b]
V  [jvm.dll+0x311fb6]
V  [jvm.dll+0x361d88]
V  [jvm.dll+0x361f8f]
V  [jvm.dll+0x2e07f8]
V  [jvm.dll+0x2e1764]
V  [jvm.dll+0x811c31]
V  [jvm.dll+0x36fc11]
V  [jvm.dll+0x7f0666]
V  [jvm.dll+0x3f3daf]
V  [jvm.dll+0x3f5a41]
C  [jli.dll+0x528f]
C  [ucrtbase.dll+0x29333]
C  [KERNEL32.DLL+0x1259d]
C  [ntdll.dll+0x5af38]


---------------  P R O C E S S  ---------------

Threads class SMR info:
_java_thread_list=0x00007ffc41e0df58, length=0, elements={
}

Java Threads: ( => current thread )

Other Threads:
  0x000002439e03f300 GCTaskThread "GC Thread#0" [stack: 0x000000649bf00000,0x000000649c000000] [id=27020]
  0x000002439e04ffd0 ConcurrentGCThread "G1 Main Marker" [stack: 0x000000649c000000,0x000000649c100000] [id=13168]
  0x000002439e051190 ConcurrentGCThread "G1 Conc#0" [stack: 0x000000649c100000,0x000000649c200000] [id=22620]

[error occurred during error reporting (printing all threads), id 0xc0000005, EXCEPTION_ACCESS_VIOLATION (0xc0000005) at pc=0x00007ffc415c13c7]

VM state: not at safepoint (not fully initialized)

VM Mutex/Monitor currently owned by a thread:  ([mutex/lock_event])
[0x000002439dfcb190] Heap_lock - owner thread: 0x000002439dfd0b80

Heap address: 0x0000000702800000, size: 4056 MB, Compressed Oops mode: Zero based, Oop shift amount: 3

CDS archive(s) mapped at: [0x0000000000000000-0x0000000000000000-0x0000000000000000), size 0, SharedBaseAddress: 0x0000000800000000, ArchiveRelocationMode: 1.
Narrow klass base: 0x0000000000000000, Narrow klass shift: 0, Narrow klass range: 0x0

GC Precious Log:
<Empty>

Heap:
 garbage-first heap   total 0K, used 0K [0x0000000702800000, 0x0000000800000000)
  region size 2048K, 0 young (0K), 0 survivors (0K)
 Metaspace       used 0K, committed 0K, reserved 0K
  class space    used 0K, committed 0K, reserved 0K

Heap Regions: E=young(eden), S=young(survivor), O=old, HS=humongous(starts), HC=humongous(continues), CS=collection set, F=free, OA=open archive, CA=closed archive, TAMS=top-at-mark-start (previous, next)

Card table byte_map: [0x00000243b1270000,0x00000243b1a60000] _byte_map_base: 0x00000243ada5c000

Marking Bits (Prev, Next): (CMBitMap*) 0x000002439e03f920, (CMBitMap*) 0x000002439e03f960
 Prev Bits: [0x00000243b2250000, 0x00000243b61b0000)
 Next Bits: [0x00000243b61b0000, 0x00000243ba110000)

GC Heap History (0 events):
No events

Dll operation events (1 events):
Event: 0.006 Loaded shared library C:\Program Files\JetBrains\IntelliJ IDEA 2024.1\jbr\bin\java.dll

Deoptimization events (0 events):
No events

Classes unloaded (0 events):
No events

Classes redefined (0 events):
No events

Internal exceptions (0 events):
No events

VM Operations (0 events):
No events

Events (0 events):
No events


Dynamic libraries:
0x00007ff750970000 - 0x00007ff75097a000 	C:\Program Files\JetBrains\IntelliJ IDEA 2024.1\jbr\bin\java.exe
0x00007ffcb5bb0000 - 0x00007ffcb5dc7000 	C:\WINDOWS\SYSTEM32\ntdll.dll
0x00007ffcb45d0000 - 0x00007ffcb4694000 	C:\WINDOWS\System32\KERNEL32.DLL
0x00007ffcb32d0000 - 0x00007ffcb3689000 	C:\WINDOWS\System32\KERNELBASE.dll
0x00007ffcb30e0000 - 0x00007ffcb31f1000 	C:\WINDOWS\System32\ucrtbase.dll
0x00007ffcae3d0000 - 0x00007ffcae3e7000 	C:\Program Files\JetBrains\IntelliJ IDEA 2024.1\jbr\bin\jli.dll
0x00007ffc76b00000 - 0x00007ffc76b1b000 	C:\Program Files\JetBrains\IntelliJ IDEA 2024.1\jbr\bin\VCRUNTIME140.dll
0x00007ffcb5740000 - 0x00007ffcb58ee000 	C:\WINDOWS\System32\USER32.dll
0x00007ffc9bb80000 - 0x00007ffc9be12000 	C:\WINDOWS\WinSxS\amd64_microsoft.windows.common-controls_6595b64144ccf1df_6.0.22621.4391_none_2715d37f73803e96\COMCTL32.dll
0x00007ffcb32a0000 - 0x00007ffcb32c6000 	C:\WINDOWS\System32\win32u.dll
0x00007ffcb4520000 - 0x00007ffcb45c7000 	C:\WINDOWS\System32\msvcrt.dll
0x00007ffcb5b10000 - 0x00007ffcb5b39000 	C:\WINDOWS\System32\GDI32.dll
0x00007ffcb3710000 - 0x00007ffcb382b000 	C:\WINDOWS\System32\gdi32full.dll
0x00007ffcb3200000 - 0x00007ffcb329a000 	C:\WINDOWS\System32\msvcp_win.dll
0x00007ffcb5700000 - 0x00007ffcb5731000 	C:\WINDOWS\System32\IMM32.DLL
0x00007ffc98aa0000 - 0x00007ffc98aac000 	C:\Program Files\JetBrains\IntelliJ IDEA 2024.1\jbr\bin\vcruntime140_1.dll
0x00007ffc33a40000 - 0x00007ffc33acd000 	C:\Program Files\JetBrains\IntelliJ IDEA 2024.1\jbr\bin\msvcp140.dll
0x00007ffc412d0000 - 0x00007ffc41f52000 	C:\Program Files\JetBrains\IntelliJ IDEA 2024.1\jbr\bin\server\jvm.dll
0x00007ffcb3a50000 - 0x00007ffcb3b02000 	C:\WINDOWS\System32\ADVAPI32.dll
0x00007ffcb4460000 - 0x00007ffcb4507000 	C:\WINDOWS\System32\sechost.dll
0x00007ffcb30b0000 - 0x00007ffcb30d8000 	C:\WINDOWS\System32\bcrypt.dll
0x00007ffcb59f0000 - 0x00007ffcb5b04000 	C:\WINDOWS\System32\RPCRT4.dll
0x00007ffcb1d10000 - 0x00007ffcb1d5d000 	C:\WINDOWS\SYSTEM32\POWRPROF.dll
0x00007ffcae7d0000 - 0x00007ffcae804000 	C:\WINDOWS\SYSTEM32\WINMM.dll
0x00007ffcaeb60000 - 0x00007ffcaeb6a000 	C:\WINDOWS\SYSTEM32\VERSION.dll
0x00007ffcaea00000 - 0x00007ffcaea09000 	C:\WINDOWS\SYSTEM32\WSOCK32.dll
0x00007ffcb4850000 - 0x00007ffcb48c1000 	C:\WINDOWS\System32\WS2_32.dll
0x00007ffcb1cf0000 - 0x00007ffcb1d03000 	C:\WINDOWS\SYSTEM32\UMPDC.dll
0x00007ffcb1fb0000 - 0x00007ffcb1fc8000 	C:\WINDOWS\SYSTEM32\kernel.appcore.dll
0x00007ffcae9f0000 - 0x00007ffcae9fa000 	C:\Program Files\JetBrains\IntelliJ IDEA 2024.1\jbr\bin\jimage.dll
0x00007ffcb06d0000 - 0x00007ffcb0902000 	C:\WINDOWS\SYSTEM32\DBGHELP.DLL
0x00007ffcb3fd0000 - 0x00007ffcb435f000 	C:\WINDOWS\System32\combase.dll
0x00007ffcb3b10000 - 0x00007ffcb3be7000 	C:\WINDOWS\System32\OLEAUT32.dll
0x00007ffc80db0000 - 0x00007ffc80de2000 	C:\WINDOWS\SYSTEM32\dbgcore.DLL
0x00007ffcb3690000 - 0x00007ffcb370b000 	C:\WINDOWS\System32\bcryptPrimitives.dll
0x00007ffcae3a0000 - 0x00007ffcae3c5000 	C:\Program Files\JetBrains\IntelliJ IDEA 2024.1\jbr\bin\java.dll

dbghelp: loaded successfully - version: 4.0.5 - missing functions: none
symbol engine: initialized successfully - sym options: 0x614 - pdb path: .;C:\Program Files\JetBrains\IntelliJ IDEA 2024.1\jbr\bin;C:\WINDOWS\SYSTEM32;C:\WINDOWS\WinSxS\amd64_microsoft.windows.common-controls_6595b64144ccf1df_6.0.22621.4391_none_2715d37f73803e96;C:\Program Files\JetBrains\IntelliJ IDEA 2024.1\jbr\bin\server

VM Arguments:
java_command: git4idea.http.GitAskPassApp Username for 'https://github.com': 
java_class_path (initial): C:/Program Files/JetBrains/IntelliJ IDEA 2024.1/plugins/vcs-git/lib/git4idea-rt.jar;C:/Program Files/JetBrains/IntelliJ IDEA 2024.1/lib/externalProcess-rt.jar
Launcher Type: SUN_STANDARD

[Global flags]
     intx CICompilerCount                          = 4                                         {product} {ergonomic}
     uint ConcGCThreads                            = 2                                         {product} {ergonomic}
     uint G1ConcRefinementThreads                  = 8                                         {product} {ergonomic}
   size_t G1HeapRegionSize                         = 2097152                                   {product} {ergonomic}
    uintx GCDrainStackTargetSize                   = 64                                        {product} {ergonomic}
   size_t InitialHeapSize                          = 266338304                                 {product} {ergonomic}
   size_t MarkStackSize                            = 4194304                                   {product} {ergonomic}
   size_t MaxHeapSize                              = 4253024256                                {product} {ergonomic}
   size_t MinHeapDeltaBytes                        = 2097152                                   {product} {ergonomic}
   size_t MinHeapSize                              = 8388608                                   {product} {ergonomic}
    uintx NonNMethodCodeHeapSize                   = 5839372                                {pd product} {ergonomic}
    uintx NonProfiledCodeHeapSize                  = 122909434                              {pd product} {ergonomic}
    uintx ProfiledCodeHeapSize                     = 122909434                              {pd product} {ergonomic}
    uintx ReservedCodeCacheSize                    = 251658240                              {pd product} {ergonomic}
     bool SegmentedCodeCache                       = true                                      {product} {ergonomic}
   size_t SoftMaxHeapSize                          = 4253024256                             {manageable} {ergonomic}
     bool UseCompressedClassPointers               = true                           {product lp64_product} {ergonomic}
     bool UseCompressedOops                        = true                           {product lp64_product} {ergonomic}
     bool UseG1GC                                  = true                                      {product} {ergonomic}
     bool UseLargePagesIndividualAllocation        = false                                  {pd product} {ergonomic}

Logging:
Log output configuration:
 #0: stdout all=warning uptime,level,tags
 #1: stderr all=off uptime,level,tags

Environment Variables:
PATH=C:\Program Files\Git\mingw64\libexec\git-core;C:\Program Files\Git\mingw64\libexec\git-core;C:\Program Files\Git\mingw64\bin;C:\Program Files\Git\usr\bin;C:\Users\qivub\bin;C:\Python312\Scripts;C:\Python312;C:\Program Files\Common Files\Oracle\Java\javapath;C:\WINDOWS\system32;C:\WINDOWS;C:\WINDOWS\System32\Wbem;C:\WINDOWS\System32\WindowsPowerShell\v1.0;C:\WINDOWS\System32\OpenSSH;C:\Program Files\Microsoft SQL Server\Client SDK\ODBC\170\Tools\Binn;C:\Program Files (x86)\Microsoft SQL Server\150\Tools\Binn;C:\Program Files\Microsoft SQL Server\150\Tools\Binn;C:\Program Files\Microsoft SQL Server\150\DTS\Binn;C:\Program Files\Azure Data Studio\bin;C:\Program Files (x86)\Microsoft SQL Server\160\DTS\Binn;C:\Program Files\NVIDIA Corporation\NVIDIA NvDLISR;C:\Program Files (x86)\NVIDIA Corporation\PhysX\Common;C:\Users\qivub\AppData\Local\Microsoft\WindowsApps;C:\Users\qivub\AppData\Local\Programs\Microsoft VS Code\bin;C:\adb;C:\Program Files\dotnet;C:\Program Files\Git\cmd;C:\Program Files\nodejs;C:\ProgramData\chocolatey\bin;C:\Users\qivub\AppData\Local\Microsoft\WindowsApps;C:\Program Files\Azure Data Studio\bin;D:\Microsoft VS Code\bin;C:\Program Files\JetBrains\IntelliJ IDEA 2024.1.4\bin;C:\Users\qivub\AppData\Local\GitHubDesktop\bin;C:\Users\qivub\AppData\Local\Microsoft\WinGet\Packages\Schniz.fnm_Microsoft.Winget.Source_8wekyb3d8bbwe;C:\Users\qivub\AppData\Roaming\npm
USERNAME=qivub
DISPLAY=:0.0
LC_ALL=en_US.UTF-8
TERM=xterm-256color
TMPDIR=C:\Users\qivub\AppData\Local\Temp
OS=Windows_NT
PROCESSOR_IDENTIFIER=Intel64 Family 6 Model 165 Stepping 2, GenuineIntel
TMP=C:\Users\qivub\AppData\Local\Temp
TEMP=C:\Users\qivub\AppData\Local\Temp



Periodic native trim disabled

JNI global refs:
JNI global refs: 0, weak refs: 0

JNI global refs memory usage: 0, weak refs: 0

OOME stack traces (most recent first):
Classloader memory used:


---------------  S Y S T E M  ---------------

OS:
 Windows 11 , 64 bit Build 22621 (10.0.22621.4391)
OS uptime: 1 days 2:46 hours

CPU: total 8 (initial active 8) (4 cores per cpu, 2 threads per core) family 6 model 165 stepping 2 microcode 0xe0, cx8, cmov, fxsr, ht, mmx, 3dnowpref, sse, sse2, sse3, ssse3, sse4.1, sse4.2, popcnt, lzcnt, tsc, tscinvbit, avx, avx2, aes, erms, clmul, bmi1, bmi2, adx, fma, vzeroupper, clflush, clflushopt
Processor Information for all 8 processors :
  Max Mhz: 2496, Current Mhz: 2496, Mhz Limit: 2496

Memory: 4k page, system-wide physical 16221M (1222M free)
TotalPageFile size 39515M (AvailPageFile size 7M)
current process WorkingSet (physical memory assigned to process): 11M, peak: 11M
current process commit charge ("private bytes"): 319M, peak: 322M

vm_info: OpenJDK 64-Bit Server VM (17.0.10+8-b1207.12) for windows-amd64 JRE (17.0.10+8-b1207.12), built on 2024-03-15 by "builduser" with MS VC++ 16.10 / 16.11 (VS2019)

END.
