#
# There is insufficient memory for the Java Runtime Environment to continue.
# Native memory allocation (mmap) failed to map 266338304 bytes for G1 virtual space
# Possible reasons:
#   The system is out of physical RAM or swap space
#   The process is running with CompressedOops enabled, and the Java Heap may be blocking the growth of the native heap
# Possible solutions:
#   Reduce memory load on the system
#   Increase physical memory or swap space
#   Check if swap backing store is full
#   Decrease Java heap size (-Xmx/-Xms)
#   Decrease number of Java threads
#   Decrease Java thread stack sizes (-Xss)
#   Set larger code cache with -XX:ReservedCodeCacheSize=
#   JVM is running with Zero Based Compressed Oops mode in which the Java heap is
#     placed in the first 32GB address space. The Java Heap base address is the
#     maximum limit for the native heap growth. Please use -XX:HeapBaseMinAddress
#     to set the Java Heap base and to place the Java Heap above 32GB virtual address.
# This output file may be truncated or incomplete.
#
#  Out of Memory Error (os_windows.cpp:3600), pid=14200, tid=11480
#
# JRE version:  (21.0.2+13) (build )
# Java VM: Java HotSpot(TM) 64-Bit Server VM (21.0.2+13-LTS-58, mixed mode, emulated-client, sharing, tiered, compressed oops, compressed class ptrs, g1 gc, windows-amd64)
# No core dump will be written. Minidumps are not enabled by default on client versions of Windows
#

---------------  S U M M A R Y ------------

Command Line: -XX:TieredStopAtLevel=1 -Dspring.output.ansi.enabled=always -Dcom.sun.management.jmxremote -Dspring.jmx.enabled=true -Dspring.liveBeansView.mbeanDomain -Dspring.application.admin.enabled=true -Dmanagement.endpoints.jmx.exposure.include=* -javaagent:C:\Program Files\JetBrains\IntelliJ IDEA 2024.1\lib\idea_rt.jar=58611:C:\Program Files\JetBrains\IntelliJ IDEA 2024.1\bin -Dfile.encoding=UTF-8 -Dsun.stdout.encoding=UTF-8 -Dsun.stderr.encoding=UTF-8 com.example.hp_29_MiniatureCrafts.DoAnTotNghiepMiniatureCraftsApplication

Host: Intel(R) Core(TM) i5-10300H CPU @ 2.50GHz, 8 cores, 15G,  Windows 11 , 64 bit Build 22621 (10.0.22621.4830)
Time: Sun Feb 16 20:20:39 2025 SE Asia Standard Time elapsed time: 0.011125 seconds (0d 0h 0m 0s)

---------------  T H R E A D  ---------------

Current thread (0x00000226b0986b40):  JavaThread "Unknown thread" [_thread_in_vm, id=11480, stack(0x000000c8ef700000,0x000000c8ef800000) (1024K)]

Stack: [0x000000c8ef700000,0x000000c8ef800000]
Native frames: (J=compiled Java code, j=interpreted, Vv=VM code, C=native code)
V  [jvm.dll+0x6cade9]
V  [jvm.dll+0x8569c1]
V  [jvm.dll+0x858d2e]
V  [jvm.dll+0x859413]
V  [jvm.dll+0x280e56]
V  [jvm.dll+0x6c74d5]
V  [jvm.dll+0x6bbeca]
V  [jvm.dll+0x355bca]
V  [jvm.dll+0x35d816]
V  [jvm.dll+0x3ae67e]
V  [jvm.dll+0x3ae928]
V  [jvm.dll+0x3295dc]
V  [jvm.dll+0x32a16b]
V  [jvm.dll+0x81efa9]
V  [jvm.dll+0x3bba01]
V  [jvm.dll+0x807928]
V  [jvm.dll+0x44f50e]
V  [jvm.dll+0x450e11]
C  [jli.dll+0x52a3]
C  [ucrtbase.dll+0x29333]
C  [KERNEL32.DLL+0x1259d]
C  [ntdll.dll+0x5af38]


---------------  P R O C E S S  ---------------

Threads class SMR info:
_java_thread_list=0x00007ff86d8bbb88, length=0, elements={
}

Java Threads: ( => current thread )
Total: 0

Other Threads:
  0x00000226b2c5e8b0 WorkerThread "GC Thread#0"                     [id=13324, stack(0x000000c8ef800000,0x000000c8ef900000) (1024K)]
  0x00000226b2c6f6d0 ConcurrentGCThread "G1 Main Marker"            [id=9896, stack(0x000000c8ef900000,0x000000c8efa00000) (1024K)]
  0x00000226b2c714f0 WorkerThread "G1 Conc#0"                       [id=12092, stack(0x000000c8efa00000,0x000000c8efb00000) (1024K)]

[error occurred during error reporting (printing all threads), id 0xc0000005, EXCEPTION_ACCESS_VIOLATION (0xc0000005) at pc=0x00007ff86d02c6a7]
VM state: not at safepoint (not fully initialized)

VM Mutex/Monitor currently owned by a thread:  ([mutex/lock_event])
[0x00007ff86d92ce68] Heap_lock - owner thread: 0x00000226b0986b40

Heap address: 0x0000000702800000, size: 4056 MB, Compressed Oops mode: Zero based, Oop shift amount: 3

CDS archive(s) mapped at: [0x0000000000000000-0x0000000000000000-0x0000000000000000), size 0, SharedBaseAddress: 0x0000000800000000, ArchiveRelocationMode: 1.
Narrow klass base: 0x0000000000000000, Narrow klass shift: 0, Narrow klass range: 0x0

GC Precious Log:
 CardTable entry size: 512
 Card Set container configuration: InlinePtr #cards 4 size 8 Array Of Cards #cards 16 size 48 Howl #buckets 8 coarsen threshold 3686 Howl Bitmap #cards 512 size 80 coarsen threshold 460 Card regions per heap region 1 cards per card region 4096

Heap:
 garbage-first heap   total 0K, used 0K [0x0000000702800000, 0x0000000800000000)
  region size 2048K, 0 young (0K), 0 survivors (0K)

[error occurred during error reporting (printing heap information), id 0xc0000005, EXCEPTION_ACCESS_VIOLATION (0xc0000005) at pc=0x00007ff86d4139f9]
GC Heap History (0 events):
No events

Dll operation events (1 events):
Event: 0.007 Loaded shared library C:\Program Files\Java\jdk-21\bin\java.dll

Deoptimization events (0 events):
No events

Classes loaded (0 events):
No events

Classes unloaded (0 events):
No events

Classes redefined (0 events):
No events

Internal exceptions (0 events):
No events

ZGC Phase Switch (0 events):
No events

VM Operations (0 events):
No events

Events (0 events):
No events


Dynamic libraries:
0x00007ff69ee80000 - 0x00007ff69ee90000 	C:\Program Files\Java\jdk-21\bin\java.exe
0x00007ff91f670000 - 0x00007ff91f887000 	C:\WINDOWS\SYSTEM32\ntdll.dll
0x00007ff91e780000 - 0x00007ff91e844000 	C:\WINDOWS\System32\KERNEL32.DLL
0x00007ff91c970000 - 0x00007ff91cd40000 	C:\WINDOWS\System32\KERNELBASE.dll
0x00007ff91cdf0000 - 0x00007ff91cf01000 	C:\WINDOWS\System32\ucrtbase.dll
0x00007ff917d50000 - 0x00007ff917d6b000 	C:\Program Files\Java\jdk-21\bin\VCRUNTIME140.dll
0x00007ff917e10000 - 0x00007ff917e29000 	C:\Program Files\Java\jdk-21\bin\jli.dll
0x00007ff91f320000 - 0x00007ff91f3d1000 	C:\WINDOWS\System32\ADVAPI32.dll
0x00007ff91ea00000 - 0x00007ff91eaa7000 	C:\WINDOWS\System32\msvcrt.dll
0x00007ff91d330000 - 0x00007ff91d3d7000 	C:\WINDOWS\System32\sechost.dll
0x00007ff91cd40000 - 0x00007ff91cd68000 	C:\WINDOWS\System32\bcrypt.dll
0x00007ff91f3e0000 - 0x00007ff91f4f4000 	C:\WINDOWS\System32\RPCRT4.dll
0x00007ff91ebc0000 - 0x00007ff91ed6e000 	C:\WINDOWS\System32\USER32.dll
0x00007ff91d1e0000 - 0x00007ff91d206000 	C:\WINDOWS\System32\win32u.dll
0x00007ff90c150000 - 0x00007ff90c3e2000 	C:\WINDOWS\WinSxS\amd64_microsoft.windows.common-controls_6595b64144ccf1df_6.0.22621.4830_none_270fe7d773858e80\COMCTL32.dll
0x00007ff91f2a0000 - 0x00007ff91f2c9000 	C:\WINDOWS\System32\GDI32.dll
0x00007ff91d210000 - 0x00007ff91d32b000 	C:\WINDOWS\System32\gdi32full.dll
0x00007ff91cf10000 - 0x00007ff91cfaa000 	C:\WINDOWS\System32\msvcp_win.dll
0x00007ff918400000 - 0x00007ff91840a000 	C:\WINDOWS\SYSTEM32\VERSION.dll
0x00007ff91dde0000 - 0x00007ff91de11000 	C:\WINDOWS\System32\IMM32.DLL
0x00007ff917e00000 - 0x00007ff917e0c000 	C:\Program Files\Java\jdk-21\bin\vcruntime140_1.dll
0x00007ff90ca60000 - 0x00007ff90caee000 	C:\Program Files\Java\jdk-21\bin\msvcp140.dll
0x00007ff86ccf0000 - 0x00007ff86da07000 	C:\Program Files\Java\jdk-21\bin\server\jvm.dll
0x00007ff91d760000 - 0x00007ff91d7d1000 	C:\WINDOWS\System32\WS2_32.dll
0x00007ff91b790000 - 0x00007ff91b7dd000 	C:\WINDOWS\SYSTEM32\POWRPROF.dll
0x00007ff918cc0000 - 0x00007ff918cf4000 	C:\WINDOWS\SYSTEM32\WINMM.dll
0x00007ff91b770000 - 0x00007ff91b783000 	C:\WINDOWS\SYSTEM32\UMPDC.dll
0x00007ff91b9c0000 - 0x00007ff91b9d8000 	C:\WINDOWS\SYSTEM32\kernel.appcore.dll
0x00007ff917bc0000 - 0x00007ff917bca000 	C:\Program Files\Java\jdk-21\bin\jimage.dll
0x00007ff91a330000 - 0x00007ff91a562000 	C:\WINDOWS\SYSTEM32\DBGHELP.DLL
0x00007ff91da50000 - 0x00007ff91dde0000 	C:\WINDOWS\System32\combase.dll
0x00007ff91de20000 - 0x00007ff91def7000 	C:\WINDOWS\System32\OLEAUT32.dll
0x00007ff8e3040000 - 0x00007ff8e3072000 	C:\WINDOWS\SYSTEM32\dbgcore.DLL
0x00007ff91cd70000 - 0x00007ff91cdeb000 	C:\WINDOWS\System32\bcryptPrimitives.dll
0x00007ff911df0000 - 0x00007ff911dff000 	C:\Program Files\Java\jdk-21\bin\instrument.dll
0x00007ff911d70000 - 0x00007ff911d8f000 	C:\Program Files\Java\jdk-21\bin\java.dll

dbghelp: loaded successfully - version: 4.0.5 - missing functions: none
symbol engine: initialized successfully - sym options: 0x614 - pdb path: .;C:\Program Files\Java\jdk-21\bin;C:\WINDOWS\SYSTEM32;C:\WINDOWS\WinSxS\amd64_microsoft.windows.common-controls_6595b64144ccf1df_6.0.22621.4830_none_270fe7d773858e80;C:\Program Files\Java\jdk-21\bin\server

VM Arguments:
jvm_args: -XX:TieredStopAtLevel=1 -Dspring.output.ansi.enabled=always -Dcom.sun.management.jmxremote -Dspring.jmx.enabled=true -Dspring.liveBeansView.mbeanDomain -Dspring.application.admin.enabled=true -Dmanagement.endpoints.jmx.exposure.include=* -javaagent:C:\Program Files\JetBrains\IntelliJ IDEA 2024.1\lib\idea_rt.jar=58611:C:\Program Files\JetBrains\IntelliJ IDEA 2024.1\bin -Dfile.encoding=UTF-8 -Dsun.stdout.encoding=UTF-8 -Dsun.stderr.encoding=UTF-8 
java_command: com.example.hp_29_MiniatureCrafts.DoAnTotNghiepMiniatureCraftsApplication
java_class_path (initial): D:\DoAnTotNghiep\DATN_HP_29\DoAnTotNghiep_MiniatureCrafts\build\classes\java\main;D:\DoAnTotNghiep\DATN_HP_29\DoAnTotNghiep_MiniatureCrafts\build\resources\main;C:\Users\qivub\.gradle\caches\modules-2\files-2.1\org.projectlombok\lombok\1.18.34\ec547ef414ab1d2c040118fb9c1c265ada63af14\lombok-1.18.34.jar;C:\Users\qivub\.gradle\caches\modules-2\files-2.1\io.jsonwebtoken\jjwt-api\0.12.6\478886a888f6add04937baf0361144504a024967\jjwt-api-0.12.6.jar;C:\Users\qivub\.gradle\caches\modules-2\files-2.1\org.springframework.security\spring-security-config\6.3.3\57b2c01e0a9e12b4418668ebc369e39b648e61bb\spring-security-config-6.3.3.jar;C:\Users\qivub\.gradle\caches\modules-2\files-2.1\org.springframework.security\spring-security-web\6.3.3\54455b90899cd803e92b020124e859a859f63ee0\spring-security-web-6.3.3.jar;C:\Users\qivub\.gradle\caches\modules-2\files-2.1\org.springframework.security\spring-security-core\6.3.3\2bf159e3db212d61408a2f728d6d7252dfaf4710\spring-security-core-6.3.3.jar;C:\Users\qivub\.gradle\caches\modules-2\files-2.1\org.springframework.boot\spring-boot-starter-data-jpa\3.3.3\7eeb176d6130f7aa83405fe2985fe7cadc11ebc5\spring-boot-starter-data-jpa-3.3.3.jar;C:\Users\qivub\.gradle\caches\modules-2\files-2.1\org.springframework.boot\spring-boot-starter-validation\3.2.5\3757dceb20eca3880ee1fb5f07159e42c7f7405\spring-boot-starter-validation-3.2.5.jar;C:\Users\qivub\.gradle\caches\modules-2\files-2.1\org.springframework.boot\spring-boot-starter-web\3.3.3\f19325fefd33dc920c0f68547a798ed731a8c70c\spring-boot-starter-web-3.3.3.jar;C:\Users\qivub\.gradle\caches\modules-2\files-2.1\org.springframework.boot\spring-boot-starter-thymeleaf\3.3.3\c2fb77625292dd8fb623e43f500af260239f1a9\spring-boot-starter-thymeleaf-3.3.3.jar;C:\Users\qivub\.gradle\caches\modules-2\files-2.1\com.amazonaws\aws-java-sdk-lambda\1.12.757\4e4202a144f109d916e001b6e3f92972028bdf68\aws-java-sdk-lambda-1.12.757.jar;C:\Users\qivub\.gradle\caches\modules-2\files-2.1\com.fasterxml.jackson.core\jackson-core\2.17.1\5e52a11644cd59a28ef79f02bddc2cc3bab45edb\jackson-core-2.17.1.jar;C:\Users\qivub\.gradle\caches\modules-2\files-2.1\org.springframework.hateoas\spring-hateoas\2.3.3\57998c7e68ac0884ff3c263fb09903b0c211d523\spring-hateoas-2.3.3.jar;C:\Users\qivub\.gradle\caches\modules-2\files-2.1\org.springframework\spring-context\6.1.12\e69d476d1334935529a61f403749c6b8593e3272\spring-context-6.1.12.jar;C:\Users\qivub\.gradle\caches\modules-2\files-2.1\org.springframework\spring-aop\6.1.12\5fce5ff02455fad179fc0ea05435dfb79bbeaa66\spring-aop-6.1.12.jar;C:\Users\qivub\.gradle\caches\modules-2\files-2.1\org.springframework\spring-beans\6.1.12\f0344fa934f114a15f02c2b1a199189ec12b7eb5\spring-beans-6.1.12.jar;C:\Users\qivub\.gradle\caches\modules-2\files-2.1\org.springframework\spring-core\6.1.12\5f4162fb645c4f72b57b21d721fce9f26edb9bb9\spring-core-6.1.12.jar;C:\Users\qivub\.gradle\caches\modules-2\files-2.1\org.springframework\spring-web\6.1.12\b60e69b3ec87f8e001537a0fa7e3e2732dfafa7e\spring-web-6.1.12.jar;C:\Users\qivub\.gradle\caches\modules-2\files-2.1\org.springframework\spring-expression\6.1.12\644bbc2e65eb40feb7284b8570d7a7eb8b1fe8df\spring-expression-6.1.12.jar;C:\Users\qivub\.gradle\caches\modules-2\files-2.1\org.springframework.security\spring-security-crypto\6.3.3\a44e901cd1cfa1d6c20d30b69b83499e12e607a1\spring-security-crypto-6.3.3.jar;C:\Users\qivub\.gradle\caches\modules-2\files-2.1\io.micrometer\micrometer-observation\1.13.3\99840eb14ecf95d349f39123c867c2ca33808d\micrometer-observation-1.13.3.jar;C:\Users\qivub\.gradle\caches\modules-2\files-2.1\org.springframework.data\spring-data-jpa\3.3.3\9b89dbd19eee24c4dc4df12564efc603c614aa91\spring-data-jpa-3.3.3.jar;C:\Users\qivub\.gradle\caches\modules-2\files-2.1\org.springframework.boot\spring-boot-starter-aop\3.3.3\f64c22484c1ab36ae70abc752509ec4c7b1abcfc\spring-boot-starter-aop-3.3.3.jar;C:\Users\qivub\.gradle\caches\modules-2\files-2.1\org.springframework.boot\spring-boot-starter-jdbc\3.3.3\c97a56c12c79d1ce419a306ddee4ccb89b7d3728\spring-boot-starter-jdbc-3.3.3.jar;C:\Users\qivub\.gradle\caches\modules-2\files-2.1\org.hibernate.orm\hibernate-core\6.5.2.Final\e9e0cc47f6cd2b2553968aee66bd9e55e7485221\hibernate-core-6.5.2.Final.jar;C:\Users\qivub\.gradle\caches\modules-2\files-2.1\org.springframework\spring-aspects\6.1.12\b72435b5813755a894531e2cf1565eff1b313574\spring-aspects-6.1.12.jar;C:\Users\qivub\.gradle\caches\modules-2\files-2.1\org.springframework.boot\spring-boot-starter\3.3.3\174d6cb1c59036a01756d6bf4d8945325f94155f\spring-boot-starter-3.3.3.jar;C:\Users\qivub\.gradle\caches\modules-2\files-2.1\org.apache.tomcat.embed\tomcat-embed-el\10.1.28\3220f687c5ffc8650559f08ecac5b149838627b3\tomcat-embed-el-10.1.28.jar;C:\Users\qivub\.gradle\caches\modules-2\files-2.1\org.hibernate.validator\hibernate-validator\8.0.1.Final\e49e116b3d3928060599b176b3538bb848718e95\hibernate-validator-8.0.1.Final.jar;C:\Users\qivub\.gradle\caches\modules-2\files-2.1\org.springframework.boot\spring-boot-starter-json\3.3.3\3dde3b6089f772a77763020cc97a219307a8f39f\spring-boot-starter-json-3.3.3.jar;C:\Users\qivub\.gradle\caches\modules-2\files-2.1\org.springframework\spring-webmvc\6.1.12\86bb0c203d68adb4b2675765f5a372f4c5254b2d\spring-webmvc-6.1.12.jar;C:\Users\qivub\.gradle\caches\modules-2\files-2.1\org.springframework.boot\spring-boot-starter-tomcat\3.3.3\8ca660b0ecba2f0ff8ce27603fe89953dc4ec18d\spring-boot-starter-tomcat-3.3.3.jar;C:\Users\qivub\.gradle\caches\modules-2\files-2.1\org.thymeleaf\thymeleaf-spring6\3.1.2.RELEASE\6030c7b4e260c41336f378e53da6e8531263f24b\thymeleaf-spring6-3.1.2.RELEASE.jar;C:\Users\qivub\.gradle\caches\modules-2\files-2.1\com.amazonaws\aws-java-sdk-core\1.12.757\2f616ebe3bb912ec4d4a8642847b9509323a9ba0\aws-java-sdk-core-1.12.757.jar;C:\Users\qivub\.gradle\caches\modules-2\files-2.1\com.amazonaws\jmespath-java\1.12.757\1caa1859e18ba5f7787e2a2cfb43ba9f579f72fc\jmespath-java-1.12.757.jar;C:\Users\qivub\.gradle\caches\modules-2\files-2.1\org.springframework.plugin\spring-plugin-core\3.0.0\d56aa02dd7272dca30aa598dc8b72e823227046a\spring-plugin-core-3.0.0.jar;C:\Users\qivub\.gradle\caches\modules-2\files-2.1\com.jayway.jsonpath\json-path\2.9.0\37fe2217f577b0b68b18e62c4d17a8858ecf9b69\json-path-2.9.0.jar;C:\Users\qivub\.gradle\caches\modules-2\files-2.1\org.slf4j\slf4j-api\2.0.16\172931663a09a1fa515567af5fbef00897d3c04\slf4j-api-2.0.16.jar;C:\Users\qivub\.gradle\caches\modules-2\files-2.1\org.springframework\spring-jcl\6.1.12\f46d6016fd1dd3801a0e6fcd64789ac468254944\spring-jcl-6.1.12.jar;C:\Users\qivub\.gradle\caches\modules-2\files-2.1\io.micrometer\micrometer-commons\1.13.3\47b6b093cd6ba80c9da8d973ea79c7ef69a878d5\micrometer-commons-1.13.3.jar;C:\Users\qivub\.gradle\caches\modules-2\files-2.1\org.springframework\spring-orm\6.1.12\9df98d9ebdfcf5359dbda945de515d8af2cabe89\spring-orm-6.1.12.jar;C:\Users\qivub\.gradle\caches\modules-2\files-2.1\org.springframework.data\spring-data-commons\3.3.3\89ab77494e1e56b058001354265e381a0a2868e6\spring-data-commons-3.3.3.jar;C:\Users\qivub\.gradle\caches\modules-2\files-2.1\org.springframework\spring-tx\6.1.12\c47885e494845584e08407b611031ea2bcef0ef7\spring-tx-6.1.12.jar;C:\Users\qivub\.gradle\caches\modules-2\files-2.1\org.antlr\antlr4-runtime\4.13.0\5a02e48521624faaf5ff4d99afc88b01686af655\antlr4-runtime-4.13.0.jar;C:\Users\qivub\.gradle\caches\modules-2\files-2.1\jakarta.annotation\jakarta.annotation-api\2.1.1\48b9bda22b091b1f48b13af03fe36db3be6e1ae3\jakarta.annotation-api-2.1.1.jar;C:\Users\qivub\.gradle\caches\modules-2\files-2.1\org.aspectj\aspectjweaver\1.9.22.1\bca243d0af0db4758fbae45c5f4995cb5dabb612\aspectjweaver-1.9.22.1.jar;C:\Users\qivub\.gradle\caches\modules-2\files-2.1\org.springframework\spring-jdbc\6.1.12\feb177a07e109f633c3fb1892d22a2867d0b2284\spring-jdbc-6.1.12.jar;C:\Users\qivub\.gradle\caches\modules-2\files-2.1\com.zaxxer\HikariCP\5.1.0\8c96e36c14461fc436bb02b264b96ef3ca5dca8c\HikariCP-5.1.0.jar;C:\Users\qivub\.gradle\caches\modules-2\files-2.1\jakarta.persistence\jakarta.persistence-api\3.1.0\66901fa1c373c6aff65c13791cc11da72060a8d6\jakarta.persistence-api-3.1.0.jar;C:\Users\qivub\.gradle\caches\modules-2\files-2.1\jakarta.transaction\jakarta.transaction-api\2.0.1\51a520e3fae406abb84e2e1148e6746ce3f80a1a\jakarta.transaction-api-2.0.1.jar;C:\Users\qivub\.gradle\caches\modules-2\files-2.1\org.springframework.boot\spring-boot-autoconfigure\3.3.3\4445f0bbf838c1e3aeb5a83bf2367fbd1013237f\spring-boot-autoconfigure-3.3.3.jar;C:\Users\qivub\.gradle\caches\modules-2\files-2.1\org.springframework.boot\spring-boot\3.3.3\f34dba93611823e521800a47043267715184911b\spring-boot-3.3.3.jar;C:\Users\qivub\.gradle\caches\modules-2\files-2.1\org.springframework.boot\spring-boot-starter-logging\3.3.3\43d07b2e6bbb628c7fc5df103d35ee2eb091522\spring-boot-starter-logging-3.3.3.jar;C:\Users\qivub\.gradle\caches\modules-2\files-2.1\org.yaml\snakeyaml\2.2\3af797a25458550a16bf89acc8e4ab2b7f2bfce0\snakeyaml-2.2.jar;C:\Users\qivub\.gradle\caches\modules-2\files-2.1\jakarta.validation\jakarta.validation-api\3.0.2\92b6631659ba35ca09e44874d3eb936edfeee532\jakarta.validation-api-3.0.2.jar;C:\Users\qivub\.gradle\caches\modules-2\files-2.1\org.jboss.logging\jboss-logging\3.5.3.Final\c88fc1d8a96d4c3491f55d4317458ccad53ca663\jboss-logging-3.5.3.Final.jar;C:\Users\qivub\.gradle\caches\modules-2\files-2.1\com.fasterxml\classmate\1.7.0\e98374da1f2143ac8e6e0a95036994bb19137a3\classmate-1.7.0.jar;C:\Users\qivub\.gradle\caches\modules-2\files-2.1\com.fasterxml.jackson.datatype\jackson-datatype-jsr310\2.17.2\267b85e9ba2892a37be6d80aa9ca1438a0d8c210\jackson-datatype-jsr310-2.17.2.jar;C:\Users\qivub\.gradle\caches\modules-2\files-2.1\com.fasterxml.jackson.module\jackson-module-parameter-names\2.17.2\d27b9f95ccce98984c1ba58d61c5a9c072b1ad95\jackson-module-parameter-names-2.17.2.jar;C:\Users\qivub\.gradle\caches\modules-2\files-2.1\com.fasterxml.jackson.datatype\jackson-datatype-jdk8\2.17.2\efd3dd0e1d0db8bc72abbe71c15e697bb83b4b45\jackson-datatype-jdk8-2.17.2.jar;C:\Users\qivub\.gradle\caches\modules-2\files-2.1\com.fasterxml.jackson.core\jackson-databind\2.17.2\e6deb029e5901e027c129341fac39e515066b68c\jackson-databind-2.17.2.jar;C:\Users\qivub\.gradle\caches\modules-2\files-2.1\org.apache.tomcat.embed\tomcat-embed-websocket\10.1.28\1a5ee88106795215e8a7b6cfea46e57cdfc96430\tomcat-embed-websocket-10.1.28.jar;C:\Users\qivub\.gradle\caches\modules-2\files-2.1\org.apache.tomcat.embed\tomcat-embed-core\10.1.28\624f53789b7ba96bc3c8e871fb5eed4cab5a7c89\tomcat-embed-core-10.1.28.jar;C:\Users\qivub\.gradle\caches\modules-2\files-2.1\org.thymeleaf\thymeleaf\3.1.2.RELEASE\273997509a4c7aef86cee0521750140c587d9be2\thymeleaf-3.1.2.RELEASE.jar;C:\Users\qivub\.gradle\caches\modules-2\files-2.1\com.fasterxml.jackson.dataformat\jackson-dataformat-cbor\2.17.2\57fa7c1b5104bbc4599278d13933a937ee058e68\jackson-dataformat-cbor-2.17.2.jar;C:\Users\qivub\.gradle\caches\modules-2\files-2.1\org.apache.httpcomponents\httpclient\4.5.13\e5f6cae5ca7ecaac1ec2827a9e2d65ae2869cada\httpclient-4.5.13.jar;C:\Users\qivub\.gradle\caches\modules-2\files-2.1\commons-logging\commons-logging\1.2\4bfc12adfe4842bf07b657f0369c4cb522955686\commons-logging-1.2.jar;C:\Users\qivub\.gradle\caches\modules-2\files-2.1\commons-codec\commons-codec\1.16.1\47bd4d333fba53406f6c6c51884ddbca435c8862\commons-codec-1.16.1.jar;C:\Users\qivub\.gradle\caches\modules-2\files-2.1\joda-time\joda-time\2.12.7\d015b997eccd511e5567218a51651ff0625f6f25\joda-time-2.12.7.jar;C:\Users\qivub\.gradle\caches\modules-2\files-2.1\ch.qos.logback\logback-classic\1.5.7\ad4ff8ca015737ade8e8a9de07de565c423e5b7a\logback-classic-1.5.7.jar;C:\Users\qivub\.gradle\caches\modules-2\files-2.1\org.apache.logging.log4j\log4j-to-slf4j\2.23.1\425ad1eb8a39904d2830e907a324e956fb456520\log4j-to-slf4j-2.23.1.jar;C:\Users\qivub\.gradle\caches\modules-2\files-2.1\org.slf4j\jul-to-slf4j\2.0.16\6d57da3e961daac65bcca0dd3def6cd11e48a24a\jul-to-slf4j-2.0.16.jar;C:\Users\qivub\.gradle\caches\modules-2\files-2.1\com.fasterxml.jackson.core\jackson-annotations\2.17.2\147b7b9412ffff24339f8aba080b292448e08698\jackson-annotations-2.17.2.jar;C:\Users\qivub\.gradle\caches\modules-2\files-2.1\org.attoparser\attoparser\2.0.7.RELEASE\e5d0e988d9124139d645bb5872b24dfa23e283cc\attoparser-2.0.7.RELEASE.jar;C:\Users\qivub\.gradle\caches\modules-2\files-2.1\org.unbescape\unbescape\1.1.6.RELEASE\7b90360afb2b860e09e8347112800d12c12b2a13\unbescape-1.1.6.RELEASE.jar;C:\Users\qivub\.gradle\caches\modules-2\files-2.1\org.apache.httpcomponents\httpcore\4.4.16\51cf043c87253c9f58b539c9f7e44c8894223850\httpcore-4.4.16.jar;C:\Users\qivub\.gradle\caches\modules-2\files-2.1\ch.qos.logback\logback-core\1.5.7\ba0d0cbac3f21abd28faed3b4931d5b49cc5887e\logback-core-1.5.7.jar;C:\Users\qivub\.gradle\caches\modules-2\files-2.1\org.apache.logging.log4j\log4j-api\2.23.1\9c15c29c526d9c6783049c0a77722693c66706e1\log4j-api-2.23.1.jar;C:\Users\qivub\.gradle\caches\modules-2\files-2.1\org.springframework.boot\spring-boot-devtools\3.3.3\75fb61a9cb9b6cccd7638d11755bca1b0eb39cdc\spring-boot-devtools-3.3.3.jar;C:\Users\qivub\.gradle\caches\modules-2\files-2.1\io.jsonwebtoken\jjwt-impl\0.12.6\ac23673a84b6089e0369fb8ab2c69edd91cd6eb0\jjwt-impl-0.12.6.jar;C:\Users\qivub\.gradle\caches\modules-2\files-2.1\io.jsonwebtoken\jjwt-gson\0.12.6\278b68ca859705ee1070b20bd02c14a8e201ed3\jjwt-gson-0.12.6.jar;C:\Users\qivub\.gradle\caches\modules-2\files-2.1\com.microsoft.sqlserver\mssql-jdbc\12.6.1.jre11\243d5f31442b851e930e664e85547fd8658007ac\mssql-jdbc-12.6.1.jre11.jar;C:\Users\qivub\.gradle\caches\modules-2\files-2.1\com.h2database\h2\2.2.224\7bdade27d8cd197d9b5ce9dc251f41d2edc5f7ad\h2-2.2.224.jar;C:\Users\qivub\.gradle\caches\modules-2\files-2.1\com.google.code.gson\gson\2.10.1\b3add478d4382b78ea20b1671390a858002feb6c\gson-2.10.1.jar;C:\Users\qivub\.gradle\caches\modules-2\files-2.1\org.hibernate.common\hibernate-commons-annotations\6.0.6.Final\77a5f94b56d49508e0ee334751db5b78e5ccd50c\hibernate-commons-annotations-6.0.6.Final.jar;C:\Users\qivub\.gradle\caches\modules-2\files-2.1\io.smallrye\jandex\3.1.2\a6c1c89925c7df06242b03dddb353116ceb9584c\jandex-3.1.2.jar;C:\Users\qivub\.gradle\caches\modules-2\files-2.1\net.bytebuddy\byte-buddy\1.14.19\4c0c637b8f47dc08f89240e6f59900011752c97b\byte-buddy-1.14.19.jar;C:\Users\qivub\.gradle\caches\modules-2\files-2.1\org.glassfish.jaxb\jaxb-runtime\4.0.5\ca84c2a7169b5293e232b9d00d1e4e36d4c3914a\jaxb-runtime-4.0.5.jar;C:\Users\qivub\.gradle\caches\modules-2\files-2.1\jakarta.xml.bind\jakarta.xml.bind-api\4.0.2\6cd5a999b834b63238005b7144136379dc36cad2\jakarta.xml.bind-api-4.0.2.jar;C:\Users\qivub\.gradle\caches\modules-2\files-2.1\jakarta.inject\jakarta.inject-api\2.0.1\4c28afe1991a941d7702fe1362c365f0a8641d1e\jakarta.inject-api-2.0.1.jar;C:\Users\qivub\.gradle\caches\modules-2\files-2.1\net.minidev\json-smart\2.5.1\4c11d2808d009132dfbbf947ebf37de6bf266c8e\json-smart-2.5.1.jar;C:\Users\qivub\.gradle\caches\modules-2\files-2.1\org.glassfish.jaxb\jaxb-core\4.0.5\7b4b11ea5542eea4ad55e1080b23be436795b3\jaxb-core-4.0.5.jar;C:\Users\qivub\.gradle\caches\modules-2\files-2.1\jakarta.activation\jakarta.activation-api\2.1.3\fa165bd70cda600368eee31555222776a46b881f\jakarta.activation-api-2.1.3.jar;C:\Users\qivub\.gradle\caches\modules-2\files-2.1\net.minidev\accessors-smart\2.5.1\19b820261eb2e7de7d5bde11d1c06e4501dd7e5f\accessors-smart-2.5.1.jar;C:\Users\qivub\.gradle\caches\modules-2\files-2.1\org.eclipse.angus\angus-activation\2.0.2\41f1e0ddd157c856926ed149ab837d110955a9fc\angus-activation-2.0.2.jar;C:\Users\qivub\.gradle\caches\modules-2\files-2.1\org.glassfish.jaxb\txw2\4.0.5\f36a4ef12120a9bb06d766d6a0e54b144fd7ed98\txw2-4.0.5.jar;C:\Users\qivub\.gradle\caches\modules-2\files-2.1\com.sun.istack\istack-commons-runtime\4.1.2\18ec117c85f3ba0ac65409136afa8e42bc74e739\istack-commons-runtime-4.1.2.jar;C:\Users\qivub\.gradle\caches\modules-2\files-2.1\org.ow2.asm\asm\9.6\aa205cf0a06dbd8e04ece91c0b37c3f5d567546a\asm-9.6.jar
Launcher Type: SUN_STANDARD

[Global flags]
     intx CICompilerCount                          = 4                                         {product} {ergonomic}
     uint ConcGCThreads                            = 2                                         {product} {ergonomic}
     uint G1ConcRefinementThreads                  = 8                                         {product} {ergonomic}
   size_t G1HeapRegionSize                         = 2097152                                   {product} {ergonomic}
    uintx GCDrainStackTargetSize                   = 64                                        {product} {ergonomic}
   size_t InitialHeapSize                          = 266338304                                 {product} {ergonomic}
     bool ManagementServer                         = true                                      {product} {command line}
   size_t MarkStackSize                            = 4194304                                   {product} {ergonomic}
   size_t MaxHeapSize                              = 4253024256                                {product} {ergonomic}
   size_t MinHeapDeltaBytes                        = 2097152                                   {product} {ergonomic}
   size_t MinHeapSize                              = 8388608                                   {product} {ergonomic}
    uintx NonNMethodCodeHeapSize                   = 4096                                   {pd product} {ergonomic}
    uintx NonProfiledCodeHeapSize                  = 0                                      {pd product} {ergonomic}
     bool ProfileInterpreter                       = false                                  {pd product} {command line}
    uintx ProfiledCodeHeapSize                     = 0                                      {pd product} {ergonomic}
   size_t SoftMaxHeapSize                          = 4253024256                             {manageable} {ergonomic}
     intx TieredStopAtLevel                        = 1                                         {product} {command line}
     bool UseCompressedOops                        = true                           {product lp64_product} {ergonomic}
     bool UseG1GC                                  = true                                      {product} {ergonomic}
     bool UseLargePagesIndividualAllocation        = false                                  {pd product} {ergonomic}

Logging:
Log output configuration:
 #0: stdout all=warning uptime,level,tags foldmultilines=false
 #1: stderr all=off uptime,level,tags foldmultilines=false

Environment Variables:
PATH=C:\Python312\Scripts\;C:\Python312\;C:\Program Files\Common Files\Oracle\Java\javapath;C:\WINDOWS\system32;C:\WINDOWS;C:\WINDOWS\System32\Wbem;C:\WINDOWS\System32\WindowsPowerShell\v1.0\;C:\WINDOWS\System32\OpenSSH\;C:\Program Files\Microsoft SQL Server\Client SDK\ODBC\170\Tools\Binn\;C:\Program Files (x86)\Microsoft SQL Server\150\Tools\Binn\;C:\Program Files\Microsoft SQL Server\150\Tools\Binn\;C:\Program Files\Microsoft SQL Server\150\DTS\Binn\;C:\Program Files\Azure Data Studio\bin;C:\Program Files (x86)\Microsoft SQL Server\160\DTS\Binn\;C:\Program Files\NVIDIA Corporation\NVIDIA NvDLISR;C:\Program Files (x86)\NVIDIA Corporation\PhysX\Common;C:\Users\qivub\AppData\Local\Microsoft\WindowsApps;C:\Users\qivub\AppData\Local\Programs\Microsoft VS Code\bin;C:\adb;C:\Program Files\dotnet\;C:\Program Files\Git\cmd;C:\Program Files\nodejs\;C:\ProgramData\chocolatey\bin;C:\Users\qivub\AppData\Local\Microsoft\WindowsApps;C:\Program Files\Azure Data Studio\bin;D:\Microsoft VS Code\bin;C:\Program Files\JetBrains\IntelliJ IDEA 2024.1.4\bin;;C:\Users\qivub\AppData\Local\GitHubDesktop\bin;C:\Users\qivub\AppData\Local\Microsoft\WinGet\Packages\Schniz.fnm_Microsoft.Winget.Source_8wekyb3d8bbwe;C:\Users\qivub\AppData\Roaming\npm
USERNAME=qivub
OS=Windows_NT
PROCESSOR_IDENTIFIER=Intel64 Family 6 Model 165 Stepping 2, GenuineIntel
TMP=C:\Users\qivub\AppData\Local\Temp
TEMP=C:\Users\qivub\AppData\Local\Temp




Periodic native trim disabled

---------------  S Y S T E M  ---------------

OS:
 Windows 11 , 64 bit Build 22621 (10.0.22621.4830)
OS uptime: 1 days 6:35 hours

CPU: total 8 (initial active 8) (4 cores per cpu, 2 threads per core) family 6 model 165 stepping 2 microcode 0xe0, cx8, cmov, fxsr, ht, mmx, 3dnowpref, sse, sse2, sse3, ssse3, sse4.1, sse4.2, popcnt, lzcnt, tsc, tscinvbit, avx, avx2, aes, erms, clmul, bmi1, bmi2, adx, fma, vzeroupper, clflush, clflushopt, rdtscp, f16c, pku
Processor Information for all 8 processors :
  Max Mhz: 2496, Current Mhz: 2496, Mhz Limit: 2496

Memory: 4k page, system-wide physical 16221M (2704M free)
TotalPageFile size 39515M (AvailPageFile size 178M)
current process WorkingSet (physical memory assigned to process): 12M, peak: 12M
current process commit charge ("private bytes"): 55M, peak: 309M

vm_info: Java HotSpot(TM) 64-Bit Server VM (21.0.2+13-LTS-58) for windows-amd64 JRE (21.0.2+13-LTS-58), built on 2024-01-05T18:32:24Z by "mach5one" with MS VC++ 17.1 (VS2022)

END.
