#
# There is insufficient memory for the Java Runtime Environment to continue.
# Native memory allocation (malloc) failed to allocate 778288 bytes for Chunk::new
# Possible reasons:
#   The system is out of physical RAM or swap space
#   The process is running with CompressedOops enabled, and the Java Heap may be blocking the growth of the native heap
# Possible solutions:
#   Reduce memory load on the system
#   Increase physical memory or swap space
#   Check if swap backing store is full
#   Decrease Java heap size (-Xmx/-Xms)
#   Decrease number of Java threads
#   Decrease Java thread stack sizes (-Xss)
#   Set larger code cache with -XX:ReservedCodeCacheSize=
#   JVM is running with Unscaled Compressed Oops mode in which the Java heap is
#     placed in the first 4GB address space. The Java Heap base address is the
#     maximum limit for the native heap growth. Please use -XX:HeapBaseMinAddress
#     to set the Java Heap base and to place the Java Heap above 4GB virtual address.
# This output file may be truncated or incomplete.
#
#  Out of Memory Error (arena.cpp:168), pid=19072, tid=26212
#
# JRE version: Java(TM) SE Runtime Environment (21.0.2+13) (build 21.0.2+13-LTS-58)
# Java VM: Java HotSpot(TM) 64-Bit Server VM (21.0.2+13-LTS-58, mixed mode, sharing, tiered, compressed oops, compressed class ptrs, g1 gc, windows-amd64)
# No core dump will be written. Minidumps are not enabled by default on client versions of Windows
#

---------------  S U M M A R Y ------------

Command Line: --add-opens=java.base/java.util=ALL-UNNAMED --add-opens=java.base/java.lang=ALL-UNNAMED --add-opens=java.base/java.lang.invoke=ALL-UNNAMED --add-opens=java.prefs/java.util.prefs=ALL-UNNAMED --add-opens=java.base/java.nio.charset=ALL-UNNAMED --add-opens=java.base/java.net=ALL-UNNAMED --add-opens=java.base/java.util.concurrent.atomic=ALL-UNNAMED -XX:MaxMetaspaceSize=384m -XX:+HeapDumpOnOutOfMemoryError -Xms256m -Xmx512m -Dfile.encoding=windows-1258 -Duser.country=US -Duser.language=en -Duser.variant -javaagent:C:\Users\qivub\.gradle\wrapper\dists\gradle-8.8-bin\dl7vupf4psengwqhwktix4v1\gradle-8.8\lib\agents\gradle-instrumentation-agent-8.8.jar org.gradle.launcher.daemon.bootstrap.GradleDaemon 8.8

Host: Intel(R) Core(TM) i5-10300H CPU @ 2.50GHz, 8 cores, 15G,  Windows 11 , 64 bit Build 22621 (10.0.22621.4391)
Time: Wed Jan 29 06:05:20 2025 SE Asia Standard Time elapsed time: 8.895274 seconds (0d 0h 0m 8s)

---------------  T H R E A D  ---------------

Current thread (0x000002854fd6d530):  JavaThread "C2 CompilerThread1" daemon [_thread_in_native, id=26212, stack(0x000000b021f00000,0x000000b022000000) (1024K)]


Current CompileTask:
C2:   8895 4802       4       groovy.lang.MetaClassImpl$1MOPIter::methodNameAction (325 bytes)

Stack: [0x000000b021f00000,0x000000b022000000]
Native frames: (J=compiled Java code, j=interpreted, Vv=VM code, C=native code)
V  [jvm.dll+0x6cade9]
V  [jvm.dll+0x8569c1]
V  [jvm.dll+0x858d2e]
V  [jvm.dll+0x859413]
V  [jvm.dll+0x280e56]
V  [jvm.dll+0xc3f3d]
V  [jvm.dll+0xc4473]
V  [jvm.dll+0x3b5c2c]
V  [jvm.dll+0x382855]
V  [jvm.dll+0x381cca]
V  [jvm.dll+0x249bd0]
V  [jvm.dll+0x2491b1]
V  [jvm.dll+0x1c9634]
V  [jvm.dll+0x258859]
V  [jvm.dll+0x256e3a]
V  [jvm.dll+0x3ef6c6]
V  [jvm.dll+0x7ff568]
V  [jvm.dll+0x6c953d]
C  [ucrtbase.dll+0x29333]
C  [KERNEL32.DLL+0x1259d]
C  [ntdll.dll+0x5af38]


---------------  P R O C E S S  ---------------

Threads class SMR info:
_java_thread_list=0x0000028554e67110, length=41, elements={
0x000002851921c5e0, 0x0000028535d60f60, 0x0000028535d61b20, 0x0000028535d63a80,
0x0000028535d64740, 0x0000028535d65420, 0x0000028535d6dfc0, 0x0000028535d745f0,
0x0000028535d75090, 0x000002854f07d340, 0x000002854f225250, 0x000002854fd6d530,
0x00000285500d2b90, 0x000002855077fed0, 0x0000028550bd0080, 0x000002854f375030,
0x000002854f3756a0, 0x000002854f0e1870, 0x000002854f0e46c0, 0x000002854f298df0,
0x000002854f296d20, 0x000002854f296000, 0x000002854f296690, 0x000002854f297a40,
0x000002854f2973b0, 0x0000028552e495d0, 0x000002854f299480, 0x000002854f298760,
0x0000028552983800, 0x0000028552985240, 0x0000028552981730, 0x0000028552984520,
0x0000028552983e90, 0x0000028552984bb0, 0x0000028552981dc0, 0x00000285529858d0,
0x0000028552982ae0, 0x0000028552986c80, 0x0000028552985f60, 0x000002855297fcf0,
0x0000028552987310
}

Java Threads: ( => current thread )
  0x000002851921c5e0 JavaThread "main"                              [_thread_blocked, id=21840, stack(0x000000b020d00000,0x000000b020e00000) (1024K)]
  0x0000028535d60f60 JavaThread "Reference Handler"          daemon [_thread_blocked, id=15376, stack(0x000000b021500000,0x000000b021600000) (1024K)]
  0x0000028535d61b20 JavaThread "Finalizer"                  daemon [_thread_blocked, id=6788, stack(0x000000b021600000,0x000000b021700000) (1024K)]
  0x0000028535d63a80 JavaThread "Signal Dispatcher"          daemon [_thread_blocked, id=9264, stack(0x000000b021700000,0x000000b021800000) (1024K)]
  0x0000028535d64740 JavaThread "Attach Listener"            daemon [_thread_blocked, id=14000, stack(0x000000b021800000,0x000000b021900000) (1024K)]
  0x0000028535d65420 JavaThread "Service Thread"             daemon [_thread_blocked, id=24876, stack(0x000000b021900000,0x000000b021a00000) (1024K)]
  0x0000028535d6dfc0 JavaThread "Monitor Deflation Thread"   daemon [_thread_blocked, id=16848, stack(0x000000b021a00000,0x000000b021b00000) (1024K)]
  0x0000028535d745f0 JavaThread "C2 CompilerThread0"         daemon [_thread_in_vm, id=15260, stack(0x000000b021b00000,0x000000b021c00000) (1024K)]
  0x0000028535d75090 JavaThread "C1 CompilerThread0"         daemon [_thread_blocked, id=24640, stack(0x000000b021c00000,0x000000b021d00000) (1024K)]
  0x000002854f07d340 JavaThread "Common-Cleaner"             daemon [_thread_blocked, id=12424, stack(0x000000b021d00000,0x000000b021e00000) (1024K)]
  0x000002854f225250 JavaThread "Notification Thread"        daemon [_thread_blocked, id=26136, stack(0x000000b021e00000,0x000000b021f00000) (1024K)]
=>0x000002854fd6d530 JavaThread "C2 CompilerThread1"         daemon [_thread_in_native, id=26212, stack(0x000000b021f00000,0x000000b022000000) (1024K)]
  0x00000285500d2b90 JavaThread "Daemon health stats"               [_thread_blocked, id=15076, stack(0x000000b022500000,0x000000b022600000) (1024K)]
  0x000002855077fed0 JavaThread "Incoming local TCP Connector on port 62558"        [_thread_in_native, id=23620, stack(0x000000b022600000,0x000000b022700000) (1024K)]
  0x0000028550bd0080 JavaThread "Daemon periodic checks"            [_thread_blocked, id=20196, stack(0x000000b022700000,0x000000b022800000) (1024K)]
  0x000002854f375030 JavaThread "Daemon"                            [_thread_blocked, id=3500, stack(0x000000b022800000,0x000000b022900000) (1024K)]
  0x000002854f3756a0 JavaThread "Handler for socket connection from /127.0.0.1:62558 to /127.0.0.1:62559"        [_thread_in_native, id=7420, stack(0x000000b022900000,0x000000b022a00000) (1024K)]
  0x000002854f0e1870 JavaThread "Cancel handler"                    [_thread_blocked, id=3672, stack(0x000000b022a00000,0x000000b022b00000) (1024K)]
  0x000002854f0e46c0 JavaThread "Daemon worker"                     [_thread_in_vm, id=11740, stack(0x000000b022b00000,0x000000b022c00000) (1024K)]
  0x000002854f298df0 JavaThread "Asynchronous log dispatcher for DefaultDaemonConnection: socket connection from /127.0.0.1:62558 to /127.0.0.1:62559"        [_thread_blocked, id=14588, stack(0x000000b022c00000,0x000000b022d00000) (1024K)]
  0x000002854f296d20 JavaThread "Stdin handler"                     [_thread_blocked, id=11992, stack(0x000000b022d00000,0x000000b022e00000) (1024K)]
  0x000002854f296000 JavaThread "Daemon client event forwarder"        [_thread_blocked, id=11372, stack(0x000000b022e00000,0x000000b022f00000) (1024K)]
  0x000002854f296690 JavaThread "Cache worker for journal cache (C:\Users\qivub\.gradle\caches\journal-1)"        [_thread_blocked, id=14568, stack(0x000000b022f00000,0x000000b023000000) (1024K)]
  0x000002854f297a40 JavaThread "File lock request listener"        [_thread_in_native, id=14044, stack(0x000000b023000000,0x000000b023100000) (1024K)]
  0x000002854f2973b0 JavaThread "Cache worker for file hash cache (C:\Users\qivub\.gradle\caches\8.8\fileHashes)"        [_thread_blocked, id=17248, stack(0x000000b023100000,0x000000b023200000) (1024K)]
  0x0000028552e495d0 JavaThread "C2 CompilerThread2"         daemon [_thread_in_native, id=25708, stack(0x000000b023200000,0x000000b023300000) (1024K)]
  0x000002854f299480 JavaThread "Cache worker for file hash cache (D:\DoAnTotNghiep\DATN_HP_29\DoAnTotNghiep_MiniatureCrafts\.gradle\8.8\fileHashes)"        [_thread_blocked, id=22180, stack(0x000000b023500000,0x000000b023600000) (1024K)]
  0x000002854f298760 JavaThread "File watcher server"        daemon [_thread_in_native, id=23324, stack(0x000000b023700000,0x000000b023800000) (1024K)]
  0x0000028552983800 JavaThread "File watcher consumer"      daemon [_thread_blocked, id=26604, stack(0x000000b023800000,0x000000b023900000) (1024K)]
  0x0000028552985240 JavaThread "Cache worker for checksums cache (D:\DoAnTotNghiep\DATN_HP_29\DoAnTotNghiep_MiniatureCrafts\.gradle\8.8\checksums)"        [_thread_blocked, id=10192, stack(0x000000b023900000,0x000000b023a00000) (1024K)]
  0x0000028552981730 JavaThread "Cache worker for file content cache (C:\Users\qivub\.gradle\caches\8.8\fileContent)"        [_thread_blocked, id=16228, stack(0x000000b023a00000,0x000000b023b00000) (1024K)]
  0x0000028552984520 JavaThread "Cache worker for cache directory md-rule (C:\Users\qivub\.gradle\caches\8.8\md-rule)"        [_thread_blocked, id=10208, stack(0x000000b023b00000,0x000000b023c00000) (1024K)]
  0x0000028552983e90 JavaThread "Cache worker for cache directory md-supplier (C:\Users\qivub\.gradle\caches\8.8\md-supplier)"        [_thread_blocked, id=9040, stack(0x000000b023c00000,0x000000b023d00000) (1024K)]
  0x0000028552984bb0 JavaThread "jar transforms"                    [_thread_blocked, id=20580, stack(0x000000b023d00000,0x000000b023e00000) (1024K)]
  0x0000028552981dc0 JavaThread "jar transforms Thread 2"           [_thread_blocked, id=26312, stack(0x000000b023e00000,0x000000b023f00000) (1024K)]
  0x00000285529858d0 JavaThread "jar transforms Thread 3"           [_thread_blocked, id=23744, stack(0x000000b023f00000,0x000000b024000000) (1024K)]
  0x0000028552982ae0 JavaThread "jar transforms Thread 4"           [_thread_blocked, id=6300, stack(0x000000b024000000,0x000000b024100000) (1024K)]
  0x0000028552986c80 JavaThread "jar transforms Thread 5"           [_thread_blocked, id=2968, stack(0x000000b024100000,0x000000b024200000) (1024K)]
  0x0000028552985f60 JavaThread "jar transforms Thread 6"           [_thread_blocked, id=5520, stack(0x000000b024200000,0x000000b024300000) (1024K)]
  0x000002855297fcf0 JavaThread "Cache worker for Build Output Cleanup Cache (D:\DoAnTotNghiep\DATN_HP_29\DoAnTotNghiep_MiniatureCrafts\.gradle\buildOutputCleanup)"        [_thread_blocked, id=5780, stack(0x000000b024300000,0x000000b024400000) (1024K)]
  0x0000028552987310 JavaThread "jar transforms Thread 7"           [_thread_blocked, id=13436, stack(0x000000b024400000,0x000000b024500000) (1024K)]
Total: 41

Other Threads:
  0x0000028535d40730 VMThread "VM Thread"                           [id=25912, stack(0x000000b021400000,0x000000b021500000) (1024K)]
  0x0000028535d2a0f0 WatcherThread "VM Periodic Task Thread"        [id=20668, stack(0x000000b021300000,0x000000b021400000) (1024K)]
  0x0000028519247ac0 WorkerThread "GC Thread#0"                     [id=8508, stack(0x000000b020e00000,0x000000b020f00000) (1024K)]
  0x000002854fd46130 WorkerThread "GC Thread#1"                     [id=9064, stack(0x000000b022000000,0x000000b022100000) (1024K)]
  0x000002854fa76820 WorkerThread "GC Thread#2"                     [id=14100, stack(0x000000b022100000,0x000000b022200000) (1024K)]
  0x000002854fa76bc0 WorkerThread "GC Thread#3"                     [id=18676, stack(0x000000b022200000,0x000000b022300000) (1024K)]
  0x000002854fa76f60 WorkerThread "GC Thread#4"                     [id=20728, stack(0x000000b022300000,0x000000b022400000) (1024K)]
  0x000002854fa77300 WorkerThread "GC Thread#5"                     [id=8840, stack(0x000000b022400000,0x000000b022500000) (1024K)]
  0x0000028553212bf0 WorkerThread "GC Thread#6"                     [id=19128, stack(0x000000b023300000,0x000000b023400000) (1024K)]
  0x0000028553213a70 WorkerThread "GC Thread#7"                     [id=15048, stack(0x000000b023400000,0x000000b023500000) (1024K)]
  0x000002851924caa0 ConcurrentGCThread "G1 Main Marker"            [id=10204, stack(0x000000b020f00000,0x000000b021000000) (1024K)]
  0x000002851924d5a0 WorkerThread "G1 Conc#0"                       [id=15752, stack(0x000000b021000000,0x000000b021100000) (1024K)]
  0x0000028553212f90 WorkerThread "G1 Conc#1"                       [id=25004, stack(0x000000b023600000,0x000000b023700000) (1024K)]
  0x0000028535c02970 ConcurrentGCThread "G1 Refine#0"               [id=3356, stack(0x000000b021100000,0x000000b021200000) (1024K)]
  0x0000028535c03190 ConcurrentGCThread "G1 Service"                [id=12468, stack(0x000000b021200000,0x000000b021300000) (1024K)]
Total: 15

Threads with active compile tasks:
C2 CompilerThread1     8916 4802       4       groovy.lang.MetaClassImpl$1MOPIter::methodNameAction (325 bytes)
C2 CompilerThread2     8916 4856       4       java.lang.invoke.LambdaFormBuffer::indexOf (33 bytes)
Total: 2

VM state: not at safepoint (normal execution)

VM Mutex/Monitor currently owned by a thread:  ([mutex/lock_event])
[0x00007ff967d0ace8] Metaspace_lock - owner thread: 0x000002854f0e46c0

Heap address: 0x00000000e0000000, size: 512 MB, Compressed Oops mode: 32-bit

CDS archive(s) mapped at: [0x0000028536000000-0x0000028536c90000-0x0000028536c90000), size 13172736, SharedBaseAddress: 0x0000028536000000, ArchiveRelocationMode: 1.
Compressed class space mapped at: 0x0000028537000000-0x000002854b000000, reserved size: 335544320
Narrow klass base: 0x0000028536000000, Narrow klass shift: 0, Narrow klass range: 0x100000000

GC Precious Log:
 CardTable entry size: 512
 Card Set container configuration: InlinePtr #cards 5 size 8 Array Of Cards #cards 12 size 40 Howl #buckets 4 coarsen threshold 1843 Howl Bitmap #cards 512 size 80 coarsen threshold 460 Card regions per heap region 1 cards per card region 2048
 CPUs: 8 total, 8 available
 Memory: 16221M
 Large Page Support: Disabled
 NUMA Support: Disabled
 Compressed Oops: Enabled (32-bit)
 Heap Region Size: 1M
 Heap Min Capacity: 256M
 Heap Initial Capacity: 256M
 Heap Max Capacity: 512M
 Pre-touch: Disabled
 Parallel Workers: 8
 Concurrent Workers: 2
 Concurrent Refinement Workers: 8
 Periodic GC: Disabled

Heap:
 garbage-first heap   total 262144K, used 94440K [0x00000000e0000000, 0x0000000100000000)
  region size 1024K, 64 young (65536K), 9 survivors (9216K)
 Metaspace       used 42709K, committed 44160K, reserved 393216K
  class space    used 6041K, committed 6784K, reserved 327680K

Heap Regions: E=young(eden), S=young(survivor), O=old, HS=humongous(starts), HC=humongous(continues), CS=collection set, F=free, TAMS=top-at-mark-start, PB=parsable bottom
|   0|0x00000000e0000000, 0x00000000e0100000, 0x00000000e0100000|100%|HS|  |TAMS 0x00000000e0000000| PB 0x00000000e0000000| Complete 
|   1|0x00000000e0100000, 0x00000000e0200000, 0x00000000e0200000|100%|HC|  |TAMS 0x00000000e0100000| PB 0x00000000e0100000| Complete 
|   2|0x00000000e0200000, 0x00000000e0300000, 0x00000000e0300000|100%|HC|  |TAMS 0x00000000e0200000| PB 0x00000000e0200000| Complete 
|   3|0x00000000e0300000, 0x00000000e0400000, 0x00000000e0400000|100%|HC|  |TAMS 0x00000000e0300000| PB 0x00000000e0300000| Complete 
|   4|0x00000000e0400000, 0x00000000e0500000, 0x00000000e0500000|100%| O|  |TAMS 0x00000000e0400000| PB 0x00000000e0400000| Untracked 
|   5|0x00000000e0500000, 0x00000000e0600000, 0x00000000e0600000|100%| O|  |TAMS 0x00000000e0500000| PB 0x00000000e0500000| Untracked 
|   6|0x00000000e0600000, 0x00000000e0700000, 0x00000000e0700000|100%| O|  |TAMS 0x00000000e0600000| PB 0x00000000e0600000| Untracked 
|   7|0x00000000e0700000, 0x00000000e0800000, 0x00000000e0800000|100%|HS|  |TAMS 0x00000000e0700000| PB 0x00000000e0700000| Complete 
|   8|0x00000000e0800000, 0x00000000e0900000, 0x00000000e0900000|100%| O|  |TAMS 0x00000000e0800000| PB 0x00000000e0800000| Untracked 
|   9|0x00000000e0900000, 0x00000000e0a00000, 0x00000000e0a00000|100%| O|  |TAMS 0x00000000e0900000| PB 0x00000000e0900000| Untracked 
|  10|0x00000000e0a00000, 0x00000000e0b00000, 0x00000000e0b00000|100%| O|  |TAMS 0x00000000e0a00000| PB 0x00000000e0a00000| Untracked 
|  11|0x00000000e0b00000, 0x00000000e0c00000, 0x00000000e0c00000|100%|HS|  |TAMS 0x00000000e0b00000| PB 0x00000000e0b00000| Complete 
|  12|0x00000000e0c00000, 0x00000000e0d00000, 0x00000000e0d00000|100%| O|  |TAMS 0x00000000e0c00000| PB 0x00000000e0c00000| Untracked 
|  13|0x00000000e0d00000, 0x00000000e0e00000, 0x00000000e0e00000|100%| O|  |TAMS 0x00000000e0d00000| PB 0x00000000e0d00000| Untracked 
|  14|0x00000000e0e00000, 0x00000000e0f00000, 0x00000000e0f00000|100%| O|  |TAMS 0x00000000e0e00000| PB 0x00000000e0e00000| Untracked 
|  15|0x00000000e0f00000, 0x00000000e1000000, 0x00000000e1000000|100%| O|  |TAMS 0x00000000e0f00000| PB 0x00000000e0f00000| Untracked 
|  16|0x00000000e1000000, 0x00000000e1100000, 0x00000000e1100000|100%| O|  |TAMS 0x00000000e1000000| PB 0x00000000e1000000| Untracked 
|  17|0x00000000e1100000, 0x00000000e1200000, 0x00000000e1200000|100%| O|  |TAMS 0x00000000e1100000| PB 0x00000000e1100000| Untracked 
|  18|0x00000000e1200000, 0x00000000e1300000, 0x00000000e1300000|100%| O|  |TAMS 0x00000000e1200000| PB 0x00000000e1200000| Untracked 
|  19|0x00000000e1300000, 0x00000000e1400000, 0x00000000e1400000|100%| O|  |TAMS 0x00000000e1300000| PB 0x00000000e1300000| Untracked 
|  20|0x00000000e1400000, 0x00000000e1500000, 0x00000000e1500000|100%| O|  |TAMS 0x00000000e1400000| PB 0x00000000e1400000| Untracked 
|  21|0x00000000e1500000, 0x00000000e1600000, 0x00000000e1600000|100%| O|  |TAMS 0x00000000e1500000| PB 0x00000000e1500000| Untracked 
|  22|0x00000000e1600000, 0x00000000e1700000, 0x00000000e1700000|100%| O|Cm|TAMS 0x00000000e1600000| PB 0x00000000e1600000| Complete 
|  23|0x00000000e1700000, 0x00000000e1800000, 0x00000000e1800000|100%| O|  |TAMS 0x00000000e1700000| PB 0x00000000e1700000| Untracked 
|  24|0x00000000e1800000, 0x00000000e188e2c0, 0x00000000e1900000| 55%| O|  |TAMS 0x00000000e1800000| PB 0x00000000e1800000| Untracked 
|  25|0x00000000e1900000, 0x00000000e1a00000, 0x00000000e1a00000|100%|HS|  |TAMS 0x00000000e1900000| PB 0x00000000e1900000| Complete 
|  26|0x00000000e1a00000, 0x00000000e1b00000, 0x00000000e1b00000|100%|HC|  |TAMS 0x00000000e1a00000| PB 0x00000000e1a00000| Complete 
|  27|0x00000000e1b00000, 0x00000000e1c00000, 0x00000000e1c00000|100%|HS|  |TAMS 0x00000000e1b00000| PB 0x00000000e1b00000| Complete 
|  28|0x00000000e1c00000, 0x00000000e1d00000, 0x00000000e1d00000|100%|HC|  |TAMS 0x00000000e1c00000| PB 0x00000000e1c00000| Complete 
|  29|0x00000000e1d00000, 0x00000000e1e00000, 0x00000000e1e00000|100%|HS|  |TAMS 0x00000000e1d00000| PB 0x00000000e1d00000| Complete 
|  30|0x00000000e1e00000, 0x00000000e1f00000, 0x00000000e1f00000|100%|HS|  |TAMS 0x00000000e1e00000| PB 0x00000000e1e00000| Complete 
|  31|0x00000000e1f00000, 0x00000000e1f00000, 0x00000000e2000000|  0%| F|  |TAMS 0x00000000e1f00000| PB 0x00000000e1f00000| Untracked 
|  32|0x00000000e2000000, 0x00000000e2000000, 0x00000000e2100000|  0%| F|  |TAMS 0x00000000e2000000| PB 0x00000000e2000000| Untracked 
|  33|0x00000000e2100000, 0x00000000e2100000, 0x00000000e2200000|  0%| F|  |TAMS 0x00000000e2100000| PB 0x00000000e2100000| Untracked 
|  34|0x00000000e2200000, 0x00000000e2200000, 0x00000000e2300000|  0%| F|  |TAMS 0x00000000e2200000| PB 0x00000000e2200000| Untracked 
|  35|0x00000000e2300000, 0x00000000e2300000, 0x00000000e2400000|  0%| F|  |TAMS 0x00000000e2300000| PB 0x00000000e2300000| Untracked 
|  36|0x00000000e2400000, 0x00000000e2400000, 0x00000000e2500000|  0%| F|  |TAMS 0x00000000e2400000| PB 0x00000000e2400000| Untracked 
|  37|0x00000000e2500000, 0x00000000e2500000, 0x00000000e2600000|  0%| F|  |TAMS 0x00000000e2500000| PB 0x00000000e2500000| Untracked 
|  38|0x00000000e2600000, 0x00000000e2600000, 0x00000000e2700000|  0%| F|  |TAMS 0x00000000e2600000| PB 0x00000000e2600000| Untracked 
|  39|0x00000000e2700000, 0x00000000e2700000, 0x00000000e2800000|  0%| F|  |TAMS 0x00000000e2700000| PB 0x00000000e2700000| Untracked 
|  40|0x00000000e2800000, 0x00000000e2800000, 0x00000000e2900000|  0%| F|  |TAMS 0x00000000e2800000| PB 0x00000000e2800000| Untracked 
|  41|0x00000000e2900000, 0x00000000e2900000, 0x00000000e2a00000|  0%| F|  |TAMS 0x00000000e2900000| PB 0x00000000e2900000| Untracked 
|  42|0x00000000e2a00000, 0x00000000e2a00000, 0x00000000e2b00000|  0%| F|  |TAMS 0x00000000e2a00000| PB 0x00000000e2a00000| Untracked 
|  43|0x00000000e2b00000, 0x00000000e2b00000, 0x00000000e2c00000|  0%| F|  |TAMS 0x00000000e2b00000| PB 0x00000000e2b00000| Untracked 
|  44|0x00000000e2c00000, 0x00000000e2c00000, 0x00000000e2d00000|  0%| F|  |TAMS 0x00000000e2c00000| PB 0x00000000e2c00000| Untracked 
|  45|0x00000000e2d00000, 0x00000000e2d00000, 0x00000000e2e00000|  0%| F|  |TAMS 0x00000000e2d00000| PB 0x00000000e2d00000| Untracked 
|  46|0x00000000e2e00000, 0x00000000e2e00000, 0x00000000e2f00000|  0%| F|  |TAMS 0x00000000e2e00000| PB 0x00000000e2e00000| Untracked 
|  47|0x00000000e2f00000, 0x00000000e2f00000, 0x00000000e3000000|  0%| F|  |TAMS 0x00000000e2f00000| PB 0x00000000e2f00000| Untracked 
|  48|0x00000000e3000000, 0x00000000e3000000, 0x00000000e3100000|  0%| F|  |TAMS 0x00000000e3000000| PB 0x00000000e3000000| Untracked 
|  49|0x00000000e3100000, 0x00000000e3100000, 0x00000000e3200000|  0%| F|  |TAMS 0x00000000e3100000| PB 0x00000000e3100000| Untracked 
|  50|0x00000000e3200000, 0x00000000e3200000, 0x00000000e3300000|  0%| F|  |TAMS 0x00000000e3200000| PB 0x00000000e3200000| Untracked 
|  51|0x00000000e3300000, 0x00000000e3300000, 0x00000000e3400000|  0%| F|  |TAMS 0x00000000e3300000| PB 0x00000000e3300000| Untracked 
|  52|0x00000000e3400000, 0x00000000e3400000, 0x00000000e3500000|  0%| F|  |TAMS 0x00000000e3400000| PB 0x00000000e3400000| Untracked 
|  53|0x00000000e3500000, 0x00000000e3500000, 0x00000000e3600000|  0%| F|  |TAMS 0x00000000e3500000| PB 0x00000000e3500000| Untracked 
|  54|0x00000000e3600000, 0x00000000e3600000, 0x00000000e3700000|  0%| F|  |TAMS 0x00000000e3600000| PB 0x00000000e3600000| Untracked 
|  55|0x00000000e3700000, 0x00000000e3700000, 0x00000000e3800000|  0%| F|  |TAMS 0x00000000e3700000| PB 0x00000000e3700000| Untracked 
|  56|0x00000000e3800000, 0x00000000e3800000, 0x00000000e3900000|  0%| F|  |TAMS 0x00000000e3800000| PB 0x00000000e3800000| Untracked 
|  57|0x00000000e3900000, 0x00000000e3900000, 0x00000000e3a00000|  0%| F|  |TAMS 0x00000000e3900000| PB 0x00000000e3900000| Untracked 
|  58|0x00000000e3a00000, 0x00000000e3a00000, 0x00000000e3b00000|  0%| F|  |TAMS 0x00000000e3a00000| PB 0x00000000e3a00000| Untracked 
|  59|0x00000000e3b00000, 0x00000000e3b00000, 0x00000000e3c00000|  0%| F|  |TAMS 0x00000000e3b00000| PB 0x00000000e3b00000| Untracked 
|  60|0x00000000e3c00000, 0x00000000e3c00000, 0x00000000e3d00000|  0%| F|  |TAMS 0x00000000e3c00000| PB 0x00000000e3c00000| Untracked 
|  61|0x00000000e3d00000, 0x00000000e3d00000, 0x00000000e3e00000|  0%| F|  |TAMS 0x00000000e3d00000| PB 0x00000000e3d00000| Untracked 
|  62|0x00000000e3e00000, 0x00000000e3e00000, 0x00000000e3f00000|  0%| F|  |TAMS 0x00000000e3e00000| PB 0x00000000e3e00000| Untracked 
|  63|0x00000000e3f00000, 0x00000000e3f00000, 0x00000000e4000000|  0%| F|  |TAMS 0x00000000e3f00000| PB 0x00000000e3f00000| Untracked 
|  64|0x00000000e4000000, 0x00000000e4000000, 0x00000000e4100000|  0%| F|  |TAMS 0x00000000e4000000| PB 0x00000000e4000000| Untracked 
|  65|0x00000000e4100000, 0x00000000e4100000, 0x00000000e4200000|  0%| F|  |TAMS 0x00000000e4100000| PB 0x00000000e4100000| Untracked 
|  66|0x00000000e4200000, 0x00000000e4200000, 0x00000000e4300000|  0%| F|  |TAMS 0x00000000e4200000| PB 0x00000000e4200000| Untracked 
|  67|0x00000000e4300000, 0x00000000e4300000, 0x00000000e4400000|  0%| F|  |TAMS 0x00000000e4300000| PB 0x00000000e4300000| Untracked 
|  68|0x00000000e4400000, 0x00000000e4400000, 0x00000000e4500000|  0%| F|  |TAMS 0x00000000e4400000| PB 0x00000000e4400000| Untracked 
|  69|0x00000000e4500000, 0x00000000e4500000, 0x00000000e4600000|  0%| F|  |TAMS 0x00000000e4500000| PB 0x00000000e4500000| Untracked 
|  70|0x00000000e4600000, 0x00000000e4600000, 0x00000000e4700000|  0%| F|  |TAMS 0x00000000e4600000| PB 0x00000000e4600000| Untracked 
|  71|0x00000000e4700000, 0x00000000e4700000, 0x00000000e4800000|  0%| F|  |TAMS 0x00000000e4700000| PB 0x00000000e4700000| Untracked 
|  72|0x00000000e4800000, 0x00000000e4800000, 0x00000000e4900000|  0%| F|  |TAMS 0x00000000e4800000| PB 0x00000000e4800000| Untracked 
|  73|0x00000000e4900000, 0x00000000e4900000, 0x00000000e4a00000|  0%| F|  |TAMS 0x00000000e4900000| PB 0x00000000e4900000| Untracked 
|  74|0x00000000e4a00000, 0x00000000e4a00000, 0x00000000e4b00000|  0%| F|  |TAMS 0x00000000e4a00000| PB 0x00000000e4a00000| Untracked 
|  75|0x00000000e4b00000, 0x00000000e4b00000, 0x00000000e4c00000|  0%| F|  |TAMS 0x00000000e4b00000| PB 0x00000000e4b00000| Untracked 
|  76|0x00000000e4c00000, 0x00000000e4c00000, 0x00000000e4d00000|  0%| F|  |TAMS 0x00000000e4c00000| PB 0x00000000e4c00000| Untracked 
|  77|0x00000000e4d00000, 0x00000000e4d00000, 0x00000000e4e00000|  0%| F|  |TAMS 0x00000000e4d00000| PB 0x00000000e4d00000| Untracked 
|  78|0x00000000e4e00000, 0x00000000e4e00000, 0x00000000e4f00000|  0%| F|  |TAMS 0x00000000e4e00000| PB 0x00000000e4e00000| Untracked 
|  79|0x00000000e4f00000, 0x00000000e4f00000, 0x00000000e5000000|  0%| F|  |TAMS 0x00000000e4f00000| PB 0x00000000e4f00000| Untracked 
|  80|0x00000000e5000000, 0x00000000e5000000, 0x00000000e5100000|  0%| F|  |TAMS 0x00000000e5000000| PB 0x00000000e5000000| Untracked 
|  81|0x00000000e5100000, 0x00000000e5100000, 0x00000000e5200000|  0%| F|  |TAMS 0x00000000e5100000| PB 0x00000000e5100000| Untracked 
|  82|0x00000000e5200000, 0x00000000e5200000, 0x00000000e5300000|  0%| F|  |TAMS 0x00000000e5200000| PB 0x00000000e5200000| Untracked 
|  83|0x00000000e5300000, 0x00000000e5300000, 0x00000000e5400000|  0%| F|  |TAMS 0x00000000e5300000| PB 0x00000000e5300000| Untracked 
|  84|0x00000000e5400000, 0x00000000e5400000, 0x00000000e5500000|  0%| F|  |TAMS 0x00000000e5400000| PB 0x00000000e5400000| Untracked 
|  85|0x00000000e5500000, 0x00000000e5500000, 0x00000000e5600000|  0%| F|  |TAMS 0x00000000e5500000| PB 0x00000000e5500000| Untracked 
|  86|0x00000000e5600000, 0x00000000e5600000, 0x00000000e5700000|  0%| F|  |TAMS 0x00000000e5600000| PB 0x00000000e5600000| Untracked 
|  87|0x00000000e5700000, 0x00000000e5700000, 0x00000000e5800000|  0%| F|  |TAMS 0x00000000e5700000| PB 0x00000000e5700000| Untracked 
|  88|0x00000000e5800000, 0x00000000e5800000, 0x00000000e5900000|  0%| F|  |TAMS 0x00000000e5800000| PB 0x00000000e5800000| Untracked 
|  89|0x00000000e5900000, 0x00000000e5900000, 0x00000000e5a00000|  0%| F|  |TAMS 0x00000000e5900000| PB 0x00000000e5900000| Untracked 
|  90|0x00000000e5a00000, 0x00000000e5a00000, 0x00000000e5b00000|  0%| F|  |TAMS 0x00000000e5a00000| PB 0x00000000e5a00000| Untracked 
|  91|0x00000000e5b00000, 0x00000000e5b00000, 0x00000000e5c00000|  0%| F|  |TAMS 0x00000000e5b00000| PB 0x00000000e5b00000| Untracked 
|  92|0x00000000e5c00000, 0x00000000e5c00000, 0x00000000e5d00000|  0%| F|  |TAMS 0x00000000e5c00000| PB 0x00000000e5c00000| Untracked 
|  93|0x00000000e5d00000, 0x00000000e5d00000, 0x00000000e5e00000|  0%| F|  |TAMS 0x00000000e5d00000| PB 0x00000000e5d00000| Untracked 
|  94|0x00000000e5e00000, 0x00000000e5e00000, 0x00000000e5f00000|  0%| F|  |TAMS 0x00000000e5e00000| PB 0x00000000e5e00000| Untracked 
|  95|0x00000000e5f00000, 0x00000000e5f00000, 0x00000000e6000000|  0%| F|  |TAMS 0x00000000e5f00000| PB 0x00000000e5f00000| Untracked 
|  96|0x00000000e6000000, 0x00000000e6000000, 0x00000000e6100000|  0%| F|  |TAMS 0x00000000e6000000| PB 0x00000000e6000000| Untracked 
|  97|0x00000000e6100000, 0x00000000e6100000, 0x00000000e6200000|  0%| F|  |TAMS 0x00000000e6100000| PB 0x00000000e6100000| Untracked 
|  98|0x00000000e6200000, 0x00000000e6200000, 0x00000000e6300000|  0%| F|  |TAMS 0x00000000e6200000| PB 0x00000000e6200000| Untracked 
|  99|0x00000000e6300000, 0x00000000e6300000, 0x00000000e6400000|  0%| F|  |TAMS 0x00000000e6300000| PB 0x00000000e6300000| Untracked 
| 100|0x00000000e6400000, 0x00000000e6400000, 0x00000000e6500000|  0%| F|  |TAMS 0x00000000e6400000| PB 0x00000000e6400000| Untracked 
| 101|0x00000000e6500000, 0x00000000e6500000, 0x00000000e6600000|  0%| F|  |TAMS 0x00000000e6500000| PB 0x00000000e6500000| Untracked 
| 102|0x00000000e6600000, 0x00000000e6600000, 0x00000000e6700000|  0%| F|  |TAMS 0x00000000e6600000| PB 0x00000000e6600000| Untracked 
| 103|0x00000000e6700000, 0x00000000e6700000, 0x00000000e6800000|  0%| F|  |TAMS 0x00000000e6700000| PB 0x00000000e6700000| Untracked 
| 104|0x00000000e6800000, 0x00000000e6800000, 0x00000000e6900000|  0%| F|  |TAMS 0x00000000e6800000| PB 0x00000000e6800000| Untracked 
| 105|0x00000000e6900000, 0x00000000e6900000, 0x00000000e6a00000|  0%| F|  |TAMS 0x00000000e6900000| PB 0x00000000e6900000| Untracked 
| 106|0x00000000e6a00000, 0x00000000e6a00000, 0x00000000e6b00000|  0%| F|  |TAMS 0x00000000e6a00000| PB 0x00000000e6a00000| Untracked 
| 107|0x00000000e6b00000, 0x00000000e6b00000, 0x00000000e6c00000|  0%| F|  |TAMS 0x00000000e6b00000| PB 0x00000000e6b00000| Untracked 
| 108|0x00000000e6c00000, 0x00000000e6c00000, 0x00000000e6d00000|  0%| F|  |TAMS 0x00000000e6c00000| PB 0x00000000e6c00000| Untracked 
| 109|0x00000000e6d00000, 0x00000000e6d00000, 0x00000000e6e00000|  0%| F|  |TAMS 0x00000000e6d00000| PB 0x00000000e6d00000| Untracked 
| 110|0x00000000e6e00000, 0x00000000e6e00000, 0x00000000e6f00000|  0%| F|  |TAMS 0x00000000e6e00000| PB 0x00000000e6e00000| Untracked 
| 111|0x00000000e6f00000, 0x00000000e6f00000, 0x00000000e7000000|  0%| F|  |TAMS 0x00000000e6f00000| PB 0x00000000e6f00000| Untracked 
| 112|0x00000000e7000000, 0x00000000e7000000, 0x00000000e7100000|  0%| F|  |TAMS 0x00000000e7000000| PB 0x00000000e7000000| Untracked 
| 113|0x00000000e7100000, 0x00000000e7100000, 0x00000000e7200000|  0%| F|  |TAMS 0x00000000e7100000| PB 0x00000000e7100000| Untracked 
| 114|0x00000000e7200000, 0x00000000e7200000, 0x00000000e7300000|  0%| F|  |TAMS 0x00000000e7200000| PB 0x00000000e7200000| Untracked 
| 115|0x00000000e7300000, 0x00000000e7300000, 0x00000000e7400000|  0%| F|  |TAMS 0x00000000e7300000| PB 0x00000000e7300000| Untracked 
| 116|0x00000000e7400000, 0x00000000e7400000, 0x00000000e7500000|  0%| F|  |TAMS 0x00000000e7400000| PB 0x00000000e7400000| Untracked 
| 117|0x00000000e7500000, 0x00000000e7500000, 0x00000000e7600000|  0%| F|  |TAMS 0x00000000e7500000| PB 0x00000000e7500000| Untracked 
| 118|0x00000000e7600000, 0x00000000e7600000, 0x00000000e7700000|  0%| F|  |TAMS 0x00000000e7600000| PB 0x00000000e7600000| Untracked 
| 119|0x00000000e7700000, 0x00000000e7700000, 0x00000000e7800000|  0%| F|  |TAMS 0x00000000e7700000| PB 0x00000000e7700000| Untracked 
| 120|0x00000000e7800000, 0x00000000e7800000, 0x00000000e7900000|  0%| F|  |TAMS 0x00000000e7800000| PB 0x00000000e7800000| Untracked 
| 121|0x00000000e7900000, 0x00000000e7900000, 0x00000000e7a00000|  0%| F|  |TAMS 0x00000000e7900000| PB 0x00000000e7900000| Untracked 
| 122|0x00000000e7a00000, 0x00000000e7a00000, 0x00000000e7b00000|  0%| F|  |TAMS 0x00000000e7a00000| PB 0x00000000e7a00000| Untracked 
| 123|0x00000000e7b00000, 0x00000000e7b00000, 0x00000000e7c00000|  0%| F|  |TAMS 0x00000000e7b00000| PB 0x00000000e7b00000| Untracked 
| 124|0x00000000e7c00000, 0x00000000e7c00000, 0x00000000e7d00000|  0%| F|  |TAMS 0x00000000e7c00000| PB 0x00000000e7c00000| Untracked 
| 125|0x00000000e7d00000, 0x00000000e7d00000, 0x00000000e7e00000|  0%| F|  |TAMS 0x00000000e7d00000| PB 0x00000000e7d00000| Untracked 
| 126|0x00000000e7e00000, 0x00000000e7e00000, 0x00000000e7f00000|  0%| F|  |TAMS 0x00000000e7e00000| PB 0x00000000e7e00000| Untracked 
| 127|0x00000000e7f00000, 0x00000000e7f00000, 0x00000000e8000000|  0%| F|  |TAMS 0x00000000e7f00000| PB 0x00000000e7f00000| Untracked 
| 128|0x00000000e8000000, 0x00000000e8000000, 0x00000000e8100000|  0%| F|  |TAMS 0x00000000e8000000| PB 0x00000000e8000000| Untracked 
| 129|0x00000000e8100000, 0x00000000e8100000, 0x00000000e8200000|  0%| F|  |TAMS 0x00000000e8100000| PB 0x00000000e8100000| Untracked 
| 130|0x00000000e8200000, 0x00000000e8200000, 0x00000000e8300000|  0%| F|  |TAMS 0x00000000e8200000| PB 0x00000000e8200000| Untracked 
| 131|0x00000000e8300000, 0x00000000e8300000, 0x00000000e8400000|  0%| F|  |TAMS 0x00000000e8300000| PB 0x00000000e8300000| Untracked 
| 132|0x00000000e8400000, 0x00000000e8400000, 0x00000000e8500000|  0%| F|  |TAMS 0x00000000e8400000| PB 0x00000000e8400000| Untracked 
| 133|0x00000000e8500000, 0x00000000e8500000, 0x00000000e8600000|  0%| F|  |TAMS 0x00000000e8500000| PB 0x00000000e8500000| Untracked 
| 134|0x00000000e8600000, 0x00000000e8600000, 0x00000000e8700000|  0%| F|  |TAMS 0x00000000e8600000| PB 0x00000000e8600000| Untracked 
| 135|0x00000000e8700000, 0x00000000e8700000, 0x00000000e8800000|  0%| F|  |TAMS 0x00000000e8700000| PB 0x00000000e8700000| Untracked 
| 136|0x00000000e8800000, 0x00000000e8800000, 0x00000000e8900000|  0%| F|  |TAMS 0x00000000e8800000| PB 0x00000000e8800000| Untracked 
| 137|0x00000000e8900000, 0x00000000e8900000, 0x00000000e8a00000|  0%| F|  |TAMS 0x00000000e8900000| PB 0x00000000e8900000| Untracked 
| 138|0x00000000e8a00000, 0x00000000e8a00000, 0x00000000e8b00000|  0%| F|  |TAMS 0x00000000e8a00000| PB 0x00000000e8a00000| Untracked 
| 139|0x00000000e8b00000, 0x00000000e8b00000, 0x00000000e8c00000|  0%| F|  |TAMS 0x00000000e8b00000| PB 0x00000000e8b00000| Untracked 
| 140|0x00000000e8c00000, 0x00000000e8c00000, 0x00000000e8d00000|  0%| F|  |TAMS 0x00000000e8c00000| PB 0x00000000e8c00000| Untracked 
| 141|0x00000000e8d00000, 0x00000000e8d00000, 0x00000000e8e00000|  0%| F|  |TAMS 0x00000000e8d00000| PB 0x00000000e8d00000| Untracked 
| 142|0x00000000e8e00000, 0x00000000e8e00000, 0x00000000e8f00000|  0%| F|  |TAMS 0x00000000e8e00000| PB 0x00000000e8e00000| Untracked 
| 143|0x00000000e8f00000, 0x00000000e8f00000, 0x00000000e9000000|  0%| F|  |TAMS 0x00000000e8f00000| PB 0x00000000e8f00000| Untracked 
| 144|0x00000000e9000000, 0x00000000e9000000, 0x00000000e9100000|  0%| F|  |TAMS 0x00000000e9000000| PB 0x00000000e9000000| Untracked 
| 145|0x00000000e9100000, 0x00000000e9100000, 0x00000000e9200000|  0%| F|  |TAMS 0x00000000e9100000| PB 0x00000000e9100000| Untracked 
| 146|0x00000000e9200000, 0x00000000e9200000, 0x00000000e9300000|  0%| F|  |TAMS 0x00000000e9200000| PB 0x00000000e9200000| Untracked 
| 147|0x00000000e9300000, 0x00000000e9300000, 0x00000000e9400000|  0%| F|  |TAMS 0x00000000e9300000| PB 0x00000000e9300000| Untracked 
| 148|0x00000000e9400000, 0x00000000e9400000, 0x00000000e9500000|  0%| F|  |TAMS 0x00000000e9400000| PB 0x00000000e9400000| Untracked 
| 149|0x00000000e9500000, 0x00000000e9500000, 0x00000000e9600000|  0%| F|  |TAMS 0x00000000e9500000| PB 0x00000000e9500000| Untracked 
| 150|0x00000000e9600000, 0x00000000e9600000, 0x00000000e9700000|  0%| F|  |TAMS 0x00000000e9600000| PB 0x00000000e9600000| Untracked 
| 151|0x00000000e9700000, 0x00000000e9700000, 0x00000000e9800000|  0%| F|  |TAMS 0x00000000e9700000| PB 0x00000000e9700000| Untracked 
| 152|0x00000000e9800000, 0x00000000e9800000, 0x00000000e9900000|  0%| F|  |TAMS 0x00000000e9800000| PB 0x00000000e9800000| Untracked 
| 153|0x00000000e9900000, 0x00000000e9900000, 0x00000000e9a00000|  0%| F|  |TAMS 0x00000000e9900000| PB 0x00000000e9900000| Untracked 
| 154|0x00000000e9a00000, 0x00000000e9a00000, 0x00000000e9b00000|  0%| F|  |TAMS 0x00000000e9a00000| PB 0x00000000e9a00000| Untracked 
| 155|0x00000000e9b00000, 0x00000000e9b00000, 0x00000000e9c00000|  0%| F|  |TAMS 0x00000000e9b00000| PB 0x00000000e9b00000| Untracked 
| 156|0x00000000e9c00000, 0x00000000e9c00000, 0x00000000e9d00000|  0%| F|  |TAMS 0x00000000e9c00000| PB 0x00000000e9c00000| Untracked 
| 157|0x00000000e9d00000, 0x00000000e9d00000, 0x00000000e9e00000|  0%| F|  |TAMS 0x00000000e9d00000| PB 0x00000000e9d00000| Untracked 
| 158|0x00000000e9e00000, 0x00000000e9e00000, 0x00000000e9f00000|  0%| F|  |TAMS 0x00000000e9e00000| PB 0x00000000e9e00000| Untracked 
| 159|0x00000000e9f00000, 0x00000000e9f00000, 0x00000000ea000000|  0%| F|  |TAMS 0x00000000e9f00000| PB 0x00000000e9f00000| Untracked 
| 160|0x00000000ea000000, 0x00000000ea000000, 0x00000000ea100000|  0%| F|  |TAMS 0x00000000ea000000| PB 0x00000000ea000000| Untracked 
| 161|0x00000000ea100000, 0x00000000ea100000, 0x00000000ea200000|  0%| F|  |TAMS 0x00000000ea100000| PB 0x00000000ea100000| Untracked 
| 162|0x00000000ea200000, 0x00000000ea200000, 0x00000000ea300000|  0%| F|  |TAMS 0x00000000ea200000| PB 0x00000000ea200000| Untracked 
| 163|0x00000000ea300000, 0x00000000ea300000, 0x00000000ea400000|  0%| F|  |TAMS 0x00000000ea300000| PB 0x00000000ea300000| Untracked 
| 164|0x00000000ea400000, 0x00000000ea400000, 0x00000000ea500000|  0%| F|  |TAMS 0x00000000ea400000| PB 0x00000000ea400000| Untracked 
| 165|0x00000000ea500000, 0x00000000ea500000, 0x00000000ea600000|  0%| F|  |TAMS 0x00000000ea500000| PB 0x00000000ea500000| Untracked 
| 166|0x00000000ea600000, 0x00000000ea600000, 0x00000000ea700000|  0%| F|  |TAMS 0x00000000ea600000| PB 0x00000000ea600000| Untracked 
| 167|0x00000000ea700000, 0x00000000ea700000, 0x00000000ea800000|  0%| F|  |TAMS 0x00000000ea700000| PB 0x00000000ea700000| Untracked 
| 168|0x00000000ea800000, 0x00000000ea800000, 0x00000000ea900000|  0%| F|  |TAMS 0x00000000ea800000| PB 0x00000000ea800000| Untracked 
| 169|0x00000000ea900000, 0x00000000ea900000, 0x00000000eaa00000|  0%| F|  |TAMS 0x00000000ea900000| PB 0x00000000ea900000| Untracked 
| 170|0x00000000eaa00000, 0x00000000eaa00000, 0x00000000eab00000|  0%| F|  |TAMS 0x00000000eaa00000| PB 0x00000000eaa00000| Untracked 
| 171|0x00000000eab00000, 0x00000000eab00000, 0x00000000eac00000|  0%| F|  |TAMS 0x00000000eab00000| PB 0x00000000eab00000| Untracked 
| 172|0x00000000eac00000, 0x00000000eac00000, 0x00000000ead00000|  0%| F|  |TAMS 0x00000000eac00000| PB 0x00000000eac00000| Untracked 
| 173|0x00000000ead00000, 0x00000000ead00000, 0x00000000eae00000|  0%| F|  |TAMS 0x00000000ead00000| PB 0x00000000ead00000| Untracked 
| 174|0x00000000eae00000, 0x00000000eae00000, 0x00000000eaf00000|  0%| F|  |TAMS 0x00000000eae00000| PB 0x00000000eae00000| Untracked 
| 175|0x00000000eaf00000, 0x00000000eaf00000, 0x00000000eb000000|  0%| F|  |TAMS 0x00000000eaf00000| PB 0x00000000eaf00000| Untracked 
| 176|0x00000000eb000000, 0x00000000eb000000, 0x00000000eb100000|  0%| F|  |TAMS 0x00000000eb000000| PB 0x00000000eb000000| Untracked 
| 177|0x00000000eb100000, 0x00000000eb100000, 0x00000000eb200000|  0%| F|  |TAMS 0x00000000eb100000| PB 0x00000000eb100000| Untracked 
| 178|0x00000000eb200000, 0x00000000eb200000, 0x00000000eb300000|  0%| F|  |TAMS 0x00000000eb200000| PB 0x00000000eb200000| Untracked 
| 179|0x00000000eb300000, 0x00000000eb300000, 0x00000000eb400000|  0%| F|  |TAMS 0x00000000eb300000| PB 0x00000000eb300000| Untracked 
| 180|0x00000000eb400000, 0x00000000eb400000, 0x00000000eb500000|  0%| F|  |TAMS 0x00000000eb400000| PB 0x00000000eb400000| Untracked 
| 181|0x00000000eb500000, 0x00000000eb500000, 0x00000000eb600000|  0%| F|  |TAMS 0x00000000eb500000| PB 0x00000000eb500000| Untracked 
| 182|0x00000000eb600000, 0x00000000eb600000, 0x00000000eb700000|  0%| F|  |TAMS 0x00000000eb600000| PB 0x00000000eb600000| Untracked 
| 183|0x00000000eb700000, 0x00000000eb700000, 0x00000000eb800000|  0%| F|  |TAMS 0x00000000eb700000| PB 0x00000000eb700000| Untracked 
| 184|0x00000000eb800000, 0x00000000eb800000, 0x00000000eb900000|  0%| F|  |TAMS 0x00000000eb800000| PB 0x00000000eb800000| Untracked 
| 185|0x00000000eb900000, 0x00000000eb900000, 0x00000000eba00000|  0%| F|  |TAMS 0x00000000eb900000| PB 0x00000000eb900000| Untracked 
| 186|0x00000000eba00000, 0x00000000eba00000, 0x00000000ebb00000|  0%| F|  |TAMS 0x00000000eba00000| PB 0x00000000eba00000| Untracked 
| 187|0x00000000ebb00000, 0x00000000ebb00000, 0x00000000ebc00000|  0%| F|  |TAMS 0x00000000ebb00000| PB 0x00000000ebb00000| Untracked 
| 188|0x00000000ebc00000, 0x00000000ebc00000, 0x00000000ebd00000|  0%| F|  |TAMS 0x00000000ebc00000| PB 0x00000000ebc00000| Untracked 
| 189|0x00000000ebd00000, 0x00000000ebd00000, 0x00000000ebe00000|  0%| F|  |TAMS 0x00000000ebd00000| PB 0x00000000ebd00000| Untracked 
| 190|0x00000000ebe00000, 0x00000000ebe00000, 0x00000000ebf00000|  0%| F|  |TAMS 0x00000000ebe00000| PB 0x00000000ebe00000| Untracked 
| 191|0x00000000ebf00000, 0x00000000ebf00000, 0x00000000ec000000|  0%| F|  |TAMS 0x00000000ebf00000| PB 0x00000000ebf00000| Untracked 
| 192|0x00000000ec000000, 0x00000000ec100000, 0x00000000ec100000|100%| E|  |TAMS 0x00000000ec000000| PB 0x00000000ec000000| Complete 
| 193|0x00000000ec100000, 0x00000000ec200000, 0x00000000ec200000|100%| E|CS|TAMS 0x00000000ec100000| PB 0x00000000ec100000| Complete 
| 194|0x00000000ec200000, 0x00000000ec300000, 0x00000000ec300000|100%| E|CS|TAMS 0x00000000ec200000| PB 0x00000000ec200000| Complete 
| 195|0x00000000ec300000, 0x00000000ec400000, 0x00000000ec400000|100%| E|CS|TAMS 0x00000000ec300000| PB 0x00000000ec300000| Complete 
| 196|0x00000000ec400000, 0x00000000ec500000, 0x00000000ec500000|100%| E|CS|TAMS 0x00000000ec400000| PB 0x00000000ec400000| Complete 
| 197|0x00000000ec500000, 0x00000000ec600000, 0x00000000ec600000|100%| E|CS|TAMS 0x00000000ec500000| PB 0x00000000ec500000| Complete 
| 198|0x00000000ec600000, 0x00000000ec700000, 0x00000000ec700000|100%| E|CS|TAMS 0x00000000ec600000| PB 0x00000000ec600000| Complete 
| 199|0x00000000ec700000, 0x00000000ec800000, 0x00000000ec800000|100%| E|CS|TAMS 0x00000000ec700000| PB 0x00000000ec700000| Complete 
| 200|0x00000000ec800000, 0x00000000ec900000, 0x00000000ec900000|100%| E|CS|TAMS 0x00000000ec800000| PB 0x00000000ec800000| Complete 
| 201|0x00000000ec900000, 0x00000000eca00000, 0x00000000eca00000|100%| E|CS|TAMS 0x00000000ec900000| PB 0x00000000ec900000| Complete 
| 202|0x00000000eca00000, 0x00000000ecb00000, 0x00000000ecb00000|100%| E|CS|TAMS 0x00000000eca00000| PB 0x00000000eca00000| Complete 
| 203|0x00000000ecb00000, 0x00000000ecc00000, 0x00000000ecc00000|100%| E|CS|TAMS 0x00000000ecb00000| PB 0x00000000ecb00000| Complete 
| 204|0x00000000ecc00000, 0x00000000ecd00000, 0x00000000ecd00000|100%| E|CS|TAMS 0x00000000ecc00000| PB 0x00000000ecc00000| Complete 
| 205|0x00000000ecd00000, 0x00000000ece00000, 0x00000000ece00000|100%| E|  |TAMS 0x00000000ecd00000| PB 0x00000000ecd00000| Complete 
| 206|0x00000000ece00000, 0x00000000ecf00000, 0x00000000ecf00000|100%| E|CS|TAMS 0x00000000ece00000| PB 0x00000000ece00000| Complete 
| 207|0x00000000ecf00000, 0x00000000ed000000, 0x00000000ed000000|100%| E|CS|TAMS 0x00000000ecf00000| PB 0x00000000ecf00000| Complete 
| 208|0x00000000ed000000, 0x00000000ed100000, 0x00000000ed100000|100%| E|CS|TAMS 0x00000000ed000000| PB 0x00000000ed000000| Complete 
| 209|0x00000000ed100000, 0x00000000ed200000, 0x00000000ed200000|100%| E|CS|TAMS 0x00000000ed100000| PB 0x00000000ed100000| Complete 
| 210|0x00000000ed200000, 0x00000000ed300000, 0x00000000ed300000|100%| E|CS|TAMS 0x00000000ed200000| PB 0x00000000ed200000| Complete 
| 211|0x00000000ed300000, 0x00000000ed400000, 0x00000000ed400000|100%| E|CS|TAMS 0x00000000ed300000| PB 0x00000000ed300000| Complete 
| 212|0x00000000ed400000, 0x00000000ed500000, 0x00000000ed500000|100%| E|CS|TAMS 0x00000000ed400000| PB 0x00000000ed400000| Complete 
| 213|0x00000000ed500000, 0x00000000ed600000, 0x00000000ed600000|100%| E|CS|TAMS 0x00000000ed500000| PB 0x00000000ed500000| Complete 
| 214|0x00000000ed600000, 0x00000000ed700000, 0x00000000ed700000|100%| E|CS|TAMS 0x00000000ed600000| PB 0x00000000ed600000| Complete 
| 215|0x00000000ed700000, 0x00000000ed800000, 0x00000000ed800000|100%| E|CS|TAMS 0x00000000ed700000| PB 0x00000000ed700000| Complete 
| 216|0x00000000ed800000, 0x00000000ed900000, 0x00000000ed900000|100%| E|CS|TAMS 0x00000000ed800000| PB 0x00000000ed800000| Complete 
| 217|0x00000000ed900000, 0x00000000ed9abe20, 0x00000000eda00000| 67%| S|CS|TAMS 0x00000000ed900000| PB 0x00000000ed900000| Complete 
| 218|0x00000000eda00000, 0x00000000edb00000, 0x00000000edb00000|100%| S|CS|TAMS 0x00000000eda00000| PB 0x00000000eda00000| Complete 
| 219|0x00000000edb00000, 0x00000000edc00000, 0x00000000edc00000|100%| S|CS|TAMS 0x00000000edb00000| PB 0x00000000edb00000| Complete 
| 220|0x00000000edc00000, 0x00000000edd00000, 0x00000000edd00000|100%| S|CS|TAMS 0x00000000edc00000| PB 0x00000000edc00000| Complete 
| 221|0x00000000edd00000, 0x00000000ede00000, 0x00000000ede00000|100%| S|CS|TAMS 0x00000000edd00000| PB 0x00000000edd00000| Complete 
| 222|0x00000000ede00000, 0x00000000edf00000, 0x00000000edf00000|100%| S|CS|TAMS 0x00000000ede00000| PB 0x00000000ede00000| Complete 
| 223|0x00000000edf00000, 0x00000000ee000000, 0x00000000ee000000|100%| S|CS|TAMS 0x00000000edf00000| PB 0x00000000edf00000| Complete 
| 224|0x00000000ee000000, 0x00000000ee100000, 0x00000000ee100000|100%| S|CS|TAMS 0x00000000ee000000| PB 0x00000000ee000000| Complete 
| 225|0x00000000ee100000, 0x00000000ee200000, 0x00000000ee200000|100%| S|CS|TAMS 0x00000000ee100000| PB 0x00000000ee100000| Complete 
| 226|0x00000000ee200000, 0x00000000ee300000, 0x00000000ee300000|100%| E|CS|TAMS 0x00000000ee200000| PB 0x00000000ee200000| Complete 
| 227|0x00000000ee300000, 0x00000000ee400000, 0x00000000ee400000|100%| E|CS|TAMS 0x00000000ee300000| PB 0x00000000ee300000| Complete 
| 228|0x00000000ee400000, 0x00000000ee500000, 0x00000000ee500000|100%| E|CS|TAMS 0x00000000ee400000| PB 0x00000000ee400000| Complete 
| 229|0x00000000ee500000, 0x00000000ee600000, 0x00000000ee600000|100%| E|CS|TAMS 0x00000000ee500000| PB 0x00000000ee500000| Complete 
| 230|0x00000000ee600000, 0x00000000ee700000, 0x00000000ee700000|100%| E|CS|TAMS 0x00000000ee600000| PB 0x00000000ee600000| Complete 
| 231|0x00000000ee700000, 0x00000000ee800000, 0x00000000ee800000|100%| E|CS|TAMS 0x00000000ee700000| PB 0x00000000ee700000| Complete 
| 232|0x00000000ee800000, 0x00000000ee900000, 0x00000000ee900000|100%| E|CS|TAMS 0x00000000ee800000| PB 0x00000000ee800000| Complete 
| 233|0x00000000ee900000, 0x00000000eea00000, 0x00000000eea00000|100%| E|CS|TAMS 0x00000000ee900000| PB 0x00000000ee900000| Complete 
| 234|0x00000000eea00000, 0x00000000eeb00000, 0x00000000eeb00000|100%| E|CS|TAMS 0x00000000eea00000| PB 0x00000000eea00000| Complete 
| 235|0x00000000eeb00000, 0x00000000eec00000, 0x00000000eec00000|100%| E|CS|TAMS 0x00000000eeb00000| PB 0x00000000eeb00000| Complete 
| 236|0x00000000eec00000, 0x00000000eed00000, 0x00000000eed00000|100%| E|CS|TAMS 0x00000000eec00000| PB 0x00000000eec00000| Complete 
| 237|0x00000000eed00000, 0x00000000eee00000, 0x00000000eee00000|100%| E|CS|TAMS 0x00000000eed00000| PB 0x00000000eed00000| Complete 
| 238|0x00000000eee00000, 0x00000000eef00000, 0x00000000eef00000|100%| E|CS|TAMS 0x00000000eee00000| PB 0x00000000eee00000| Complete 
| 239|0x00000000eef00000, 0x00000000ef000000, 0x00000000ef000000|100%| E|CS|TAMS 0x00000000eef00000| PB 0x00000000eef00000| Complete 
| 240|0x00000000ef000000, 0x00000000ef100000, 0x00000000ef100000|100%| E|CS|TAMS 0x00000000ef000000| PB 0x00000000ef000000| Complete 
| 241|0x00000000ef100000, 0x00000000ef200000, 0x00000000ef200000|100%| E|CS|TAMS 0x00000000ef100000| PB 0x00000000ef100000| Complete 
| 242|0x00000000ef200000, 0x00000000ef300000, 0x00000000ef300000|100%| E|CS|TAMS 0x00000000ef200000| PB 0x00000000ef200000| Complete 
| 243|0x00000000ef300000, 0x00000000ef400000, 0x00000000ef400000|100%| E|CS|TAMS 0x00000000ef300000| PB 0x00000000ef300000| Complete 
| 244|0x00000000ef400000, 0x00000000ef500000, 0x00000000ef500000|100%| E|CS|TAMS 0x00000000ef400000| PB 0x00000000ef400000| Complete 
| 245|0x00000000ef500000, 0x00000000ef600000, 0x00000000ef600000|100%| E|CS|TAMS 0x00000000ef500000| PB 0x00000000ef500000| Complete 
| 246|0x00000000ef600000, 0x00000000ef700000, 0x00000000ef700000|100%| E|CS|TAMS 0x00000000ef600000| PB 0x00000000ef600000| Complete 
| 247|0x00000000ef700000, 0x00000000ef800000, 0x00000000ef800000|100%| E|CS|TAMS 0x00000000ef700000| PB 0x00000000ef700000| Complete 
| 248|0x00000000ef800000, 0x00000000ef900000, 0x00000000ef900000|100%| E|CS|TAMS 0x00000000ef800000| PB 0x00000000ef800000| Complete 
| 249|0x00000000ef900000, 0x00000000efa00000, 0x00000000efa00000|100%| E|CS|TAMS 0x00000000ef900000| PB 0x00000000ef900000| Complete 
| 250|0x00000000efa00000, 0x00000000efb00000, 0x00000000efb00000|100%| E|CS|TAMS 0x00000000efa00000| PB 0x00000000efa00000| Complete 
| 251|0x00000000efb00000, 0x00000000efc00000, 0x00000000efc00000|100%| E|CS|TAMS 0x00000000efb00000| PB 0x00000000efb00000| Complete 
| 252|0x00000000efc00000, 0x00000000efd00000, 0x00000000efd00000|100%| E|CS|TAMS 0x00000000efc00000| PB 0x00000000efc00000| Complete 
| 253|0x00000000efd00000, 0x00000000efe00000, 0x00000000efe00000|100%| E|CS|TAMS 0x00000000efd00000| PB 0x00000000efd00000| Complete 
| 254|0x00000000efe00000, 0x00000000eff00000, 0x00000000eff00000|100%| E|CS|TAMS 0x00000000efe00000| PB 0x00000000efe00000| Complete 
| 255|0x00000000eff00000, 0x00000000f0000000, 0x00000000f0000000|100%| E|CS|TAMS 0x00000000eff00000| PB 0x00000000eff00000| Complete 

Card table byte_map: [0x00000285329d0000,0x0000028532ad0000] _byte_map_base: 0x00000285322d0000

Marking Bits: (CMBitMap*) 0x00000285192481c0
 Bits: [0x0000028532ad0000, 0x00000285332d0000)

Polling page: 0x00000285192e0000

Metaspace:

Usage:
  Non-class:     35.81 MB used.
      Class:      5.90 MB used.
       Both:     41.71 MB used.

Virtual space:
  Non-class space:       64.00 MB reserved,      36.50 MB ( 57%) committed,  1 nodes.
      Class space:      320.00 MB reserved,       6.62 MB (  2%) committed,  1 nodes.
             Both:      384.00 MB reserved,      43.12 MB ( 11%) committed. 

Chunk freelists:
   Non-Class:  11.48 MB
       Class:  9.22 MB
        Both:  20.70 MB

MaxMetaspaceSize: 384.00 MB
CompressedClassSpaceSize: 320.00 MB
Initial GC threshold: 21.00 MB
Current GC threshold: 60.00 MB
CDS: on
 - commit_granule_bytes: 65536.
 - commit_granule_words: 8192.
 - virtual_space_node_default_size: 8388608.
 - enlarge_chunks_in_place: 1.
 - use_allocation_guard: 0.


Internal statistics:

num_allocs_failed_limit: 12.
num_arena_births: 2514.
num_arena_deaths: 0.
num_vsnodes_births: 2.
num_vsnodes_deaths: 0.
num_space_committed: 690.
num_space_uncommitted: 0.
num_chunks_returned_to_freelist: 12.
num_chunks_taken_from_freelist: 4457.
num_chunk_merges: 9.
num_chunk_splits: 2888.
num_chunks_enlarged: 1778.
num_inconsistent_stats: 0.

CodeHeap 'non-profiled nmethods': size=120000Kb used=2704Kb max_used=2704Kb free=117296Kb
 bounds [0x000002852a920000, 0x000002852abd0000, 0x0000028531e50000]
CodeHeap 'profiled nmethods': size=120000Kb used=8484Kb max_used=8484Kb free=111515Kb
 bounds [0x0000028522e50000, 0x00000285236a0000, 0x000002852a380000]
CodeHeap 'non-nmethods': size=5760Kb used=2691Kb max_used=2761Kb free=3068Kb
 bounds [0x000002852a380000, 0x000002852a640000, 0x000002852a920000]
 total_blobs=5206 nmethods=4374 adapters=736
 compilation: enabled
              stopped_count=0, restarted_count=0
 full_count=0

Compilation events (20 events):
Event: 8.878 Thread 0x0000028535d75090 nmethod 4833 0x0000028522f02e10 code [0x0000028522f02fc0, 0x0000028522f03108]
Event: 8.878 Thread 0x0000028535d75090 4834       1       org.gradle.api.attributes.Attribute::hashCode (5 bytes)
Event: 8.878 Thread 0x0000028535d75090 nmethod 4834 0x000002852abbdd10 code [0x000002852abbdea0, 0x000002852abbdf68]
Event: 8.885 Thread 0x0000028552e495d0 4835       4       org.gradle.internal.reflect.MethodSet$MethodKey::equals (89 bytes)
Event: 8.886 Thread 0x0000028535d75090 4836       3       com.google.common.collect.RegularImmutableMap::fromEntryArrayCheckingBucketOverflow (282 bytes)
Event: 8.888 Thread 0x0000028535d75090 nmethod 4836 0x0000028522e85b90 code [0x0000028522e85f80, 0x0000028522e87ca0]
Event: 8.888 Thread 0x0000028535d75090 4839       3       com.google.common.collect.LinkedHashMultimap::access$200 (6 bytes)
Event: 8.888 Thread 0x0000028535d75090 nmethod 4839 0x0000028522f02810 code [0x0000028522f029e0, 0x0000028522f02cd0]
Event: 8.888 Thread 0x0000028535d75090 4840       3       com.google.common.collect.LinkedHashMultimap::succeedsInValueSet (15 bytes)
Event: 8.888 Thread 0x0000028535d75090 nmethod 4840 0x0000028522e85610 code [0x0000028522e857e0, 0x0000028522e85a78]
Event: 8.888 Thread 0x0000028535d75090 4841       3       com.google.common.collect.LinkedHashMultimap::access$400 (6 bytes)
Event: 8.889 Thread 0x0000028535d75090 nmethod 4841 0x0000028522e85110 code [0x0000028522e852c0, 0x0000028522e854f8]
Event: 8.889 Thread 0x0000028535d75090 4837       3       com.google.common.collect.ImmutableMap::of (4 bytes)
Event: 8.889 Thread 0x0000028535d75090 nmethod 4837 0x0000028522fe7490 code [0x0000028522fe7620, 0x0000028522fe7718]
Event: 8.889 Thread 0x0000028535d75090 4838       3       com.google.common.collect.ImmutableList$Builder::<init> (18 bytes)
Event: 8.889 Thread 0x0000028535d75090 nmethod 4838 0x0000028522e84b90 code [0x0000028522e84d40, 0x0000028522e85008]
Event: 8.890 Thread 0x0000028552e495d0 nmethod 4835 0x000002852abbe010 code [0x000002852abbe1e0, 0x000002852abbe568]
Event: 8.890 Thread 0x0000028552e495d0 4842       4       org.objectweb.asm.Label::resolve (259 bytes)
Event: 8.892 Thread 0x0000028535d75090 4843       3       java.util.Collections$UnmodifiableMap$UnmodifiableEntrySet$1::hasNext (10 bytes)
Event: 8.892 Thread 0x0000028535d75090 nmethod 4843 0x0000028522e84710 code [0x0000028522e848c0, 0x0000028522e84a98]

GC Heap History (14 events):
Event: 3.589 GC heap before
{Heap before GC invocations=0 (full 0):
 garbage-first heap   total 262144K, used 27648K [0x00000000e0000000, 0x0000000100000000)
  region size 1024K, 23 young (23552K), 0 survivors (0K)
 Metaspace       used 2470K, committed 2688K, reserved 393216K
  class space    used 280K, committed 384K, reserved 327680K
}
Event: 3.628 GC heap after
{Heap after GC invocations=1 (full 0):
 garbage-first heap   total 262144K, used 10666K [0x00000000e0000000, 0x0000000100000000)
  region size 1024K, 3 young (3072K), 3 survivors (3072K)
 Metaspace       used 2470K, committed 2688K, reserved 393216K
  class space    used 280K, committed 384K, reserved 327680K
}
Event: 4.391 GC heap before
{Heap before GC invocations=1 (full 0):
 garbage-first heap   total 262144K, used 39338K [0x00000000e0000000, 0x0000000100000000)
  region size 1024K, 32 young (32768K), 3 survivors (3072K)
 Metaspace       used 4184K, committed 4416K, reserved 393216K
  class space    used 519K, committed 640K, reserved 327680K
}
Event: 4.394 GC heap after
{Heap after GC invocations=2 (full 0):
 garbage-first heap   total 262144K, used 12042K [0x00000000e0000000, 0x0000000100000000)
  region size 1024K, 2 young (2048K), 2 survivors (2048K)
 Metaspace       used 4184K, committed 4416K, reserved 393216K
  class space    used 519K, committed 640K, reserved 327680K
}
Event: 6.419 GC heap before
{Heap before GC invocations=2 (full 0):
 garbage-first heap   total 262144K, used 120586K [0x00000000e0000000, 0x0000000100000000)
  region size 1024K, 106 young (108544K), 2 survivors (2048K)
 Metaspace       used 19910K, committed 20480K, reserved 393216K
  class space    used 2875K, committed 3136K, reserved 327680K
}
Event: 6.428 GC heap after
{Heap after GC invocations=3 (full 0):
 garbage-first heap   total 262144K, used 23569K [0x00000000e0000000, 0x0000000100000000)
  region size 1024K, 12 young (12288K), 12 survivors (12288K)
 Metaspace       used 19910K, committed 20480K, reserved 393216K
  class space    used 2875K, committed 3136K, reserved 327680K
}
Event: 6.545 GC heap before
{Heap before GC invocations=3 (full 0):
 garbage-first heap   total 262144K, used 32785K [0x00000000e0000000, 0x0000000100000000)
  region size 1024K, 22 young (22528K), 12 survivors (12288K)
 Metaspace       used 20869K, committed 21504K, reserved 393216K
  class space    used 3036K, committed 3328K, reserved 327680K
}
Event: 6.550 GC heap after
{Heap after GC invocations=4 (full 0):
 garbage-first heap   total 262144K, used 24752K [0x00000000e0000000, 0x0000000100000000)
  region size 1024K, 12 young (12288K), 12 survivors (12288K)
 Metaspace       used 20869K, committed 21504K, reserved 393216K
  class space    used 3036K, committed 3328K, reserved 327680K
}
Event: 7.834 GC heap before
{Heap before GC invocations=5 (full 0):
 garbage-first heap   total 262144K, used 113840K [0x00000000e0000000, 0x0000000100000000)
  region size 1024K, 101 young (103424K), 12 survivors (12288K)
 Metaspace       used 35004K, committed 36160K, reserved 393216K
  class space    used 5075K, committed 5632K, reserved 327680K
}
Event: 7.843 GC heap after
{Heap after GC invocations=6 (full 0):
 garbage-first heap   total 262144K, used 31969K [0x00000000e0000000, 0x0000000100000000)
  region size 1024K, 9 young (9216K), 9 survivors (9216K)
 Metaspace       used 35004K, committed 36160K, reserved 393216K
  class space    used 5075K, committed 5632K, reserved 327680K
}
Event: 7.886 GC heap before
{Heap before GC invocations=6 (full 0):
 garbage-first heap   total 262144K, used 34017K [0x00000000e0000000, 0x0000000100000000)
  region size 1024K, 12 young (12288K), 9 survivors (9216K)
 Metaspace       used 35265K, committed 36480K, reserved 393216K
  class space    used 5096K, committed 5696K, reserved 327680K
}
Event: 7.894 GC heap after
{Heap after GC invocations=7 (full 0):
 garbage-first heap   total 262144K, used 31761K [0x00000000e0000000, 0x0000000100000000)
  region size 1024K, 8 young (8192K), 8 survivors (8192K)
 Metaspace       used 35265K, committed 36480K, reserved 393216K
  class space    used 5096K, committed 5696K, reserved 327680K
}
Event: 8.050 GC heap before
{Heap before GC invocations=7 (full 0):
 garbage-first heap   total 262144K, used 53265K [0x00000000e0000000, 0x0000000100000000)
  region size 1024K, 30 young (30720K), 8 survivors (8192K)
 Metaspace       used 35585K, committed 36800K, reserved 393216K
  class space    used 5128K, committed 5760K, reserved 327680K
}
Event: 8.055 GC heap after
{Heap after GC invocations=8 (full 0):
 garbage-first heap   total 262144K, used 33000K [0x00000000e0000000, 0x0000000100000000)
  region size 1024K, 9 young (9216K), 9 survivors (9216K)
 Metaspace       used 35585K, committed 36800K, reserved 393216K
  class space    used 5128K, committed 5760K, reserved 327680K
}

Dll operation events (15 events):
Event: 0.008 Loaded shared library C:\Program Files\Java\jdk-21\bin\java.dll
Event: 0.061 Loaded shared library C:\Program Files\Java\jdk-21\bin\jsvml.dll
Event: 0.152 Loaded shared library C:\Program Files\Java\jdk-21\bin\zip.dll
Event: 0.164 Loaded shared library C:\Program Files\Java\jdk-21\bin\instrument.dll
Event: 0.181 Loaded shared library C:\Program Files\Java\jdk-21\bin\net.dll
Event: 0.199 Loaded shared library C:\Program Files\Java\jdk-21\bin\nio.dll
Event: 0.205 Loaded shared library C:\Program Files\Java\jdk-21\bin\zip.dll
Event: 2.446 Loaded shared library C:\Program Files\Java\jdk-21\bin\jimage.dll
Event: 3.248 Loaded shared library C:\Program Files\Java\jdk-21\bin\verify.dll
Event: 3.534 Loaded shared library C:\Users\qivub\.gradle\native\c067742578af261105cb4f569cf0c3c89f3d7b1fecec35dd04571415982c5e48\windows-amd64\native-platform.dll
Event: 3.581 Loaded shared library C:\Users\qivub\.gradle\native\100fb08df4bc3b14c8652ba06237920a3bd2aa13389f12d3474272988ae205f9\windows-amd64\native-platform-file-events.dll
Event: 4.958 Loaded shared library C:\Program Files\Java\jdk-21\bin\management.dll
Event: 4.962 Loaded shared library C:\Program Files\Java\jdk-21\bin\management_ext.dll
Event: 5.222 Loaded shared library C:\Program Files\Java\jdk-21\bin\extnet.dll
Event: 5.372 Loaded shared library C:\Program Files\Java\jdk-21\bin\sunmscapi.dll

Deoptimization events (20 events):
Event: 8.865 Thread 0x000002854f0e46c0 Uncommon trap: trap_request=0xffffffbe fr.pc=0x000002852abb88ec relative=0x00000000000005ec
Event: 8.865 Thread 0x000002854f0e46c0 Uncommon trap: reason=profile_predicate action=maybe_recompile pc=0x000002852abb88ec method=java.util.Arrays.binarySearch0([Ljava/lang/Object;IILjava/lang/Object;Ljava/util/Comparator;)I @ 25 c2
Event: 8.865 Thread 0x000002854f0e46c0 DEOPT PACKING pc=0x000002852abb88ec sp=0x000000b022bf86e0
Event: 8.865 Thread 0x000002854f0e46c0 DEOPT UNPACKING pc=0x000002852a3d46a2 sp=0x000000b022bf85e8 mode 2
Event: 8.867 Thread 0x000002854f0e46c0 Uncommon trap: trap_request=0xffffffc6 fr.pc=0x000002852aac5dec relative=0x000000000000030c
Event: 8.867 Thread 0x000002854f0e46c0 Uncommon trap: reason=bimorphic_or_optimized_type_check action=maybe_recompile pc=0x000002852aac5dec method=com.google.common.base.CharMatcher.indexIn(Ljava/lang/CharSequence;I)I @ 31 c2
Event: 8.867 Thread 0x000002854f0e46c0 DEOPT PACKING pc=0x000002852aac5dec sp=0x000000b022bf8570
Event: 8.867 Thread 0x000002854f0e46c0 DEOPT UNPACKING pc=0x000002852a3d46a2 sp=0x000000b022bf8518 mode 2
Event: 8.867 Thread 0x000002854f0e46c0 Uncommon trap: trap_request=0xffffffc6 fr.pc=0x000002852aac5dec relative=0x000000000000030c
Event: 8.867 Thread 0x000002854f0e46c0 Uncommon trap: reason=bimorphic_or_optimized_type_check action=maybe_recompile pc=0x000002852aac5dec method=com.google.common.base.CharMatcher.indexIn(Ljava/lang/CharSequence;I)I @ 31 c2
Event: 8.867 Thread 0x000002854f0e46c0 DEOPT PACKING pc=0x000002852aac5dec sp=0x000000b022bf8560
Event: 8.867 Thread 0x000002854f0e46c0 DEOPT UNPACKING pc=0x000002852a3d46a2 sp=0x000000b022bf8508 mode 2
Event: 8.871 Thread 0x000002854f0e46c0 Uncommon trap: trap_request=0xffffffbe fr.pc=0x000002852abbae10 relative=0x0000000000000590
Event: 8.871 Thread 0x000002854f0e46c0 Uncommon trap: reason=profile_predicate action=maybe_recompile pc=0x000002852abbae10 method=java.util.Arrays.binarySearch0([Ljava/lang/Object;IILjava/lang/Object;Ljava/util/Comparator;)I @ 25 c2
Event: 8.871 Thread 0x000002854f0e46c0 DEOPT PACKING pc=0x000002852abbae10 sp=0x000000b022bf8910
Event: 8.871 Thread 0x000002854f0e46c0 DEOPT UNPACKING pc=0x000002852a3d46a2 sp=0x000000b022bf88b0 mode 2
Event: 8.872 Thread 0x000002854f0e46c0 Uncommon trap: trap_request=0xffffffc6 fr.pc=0x000002852aac5dec relative=0x000000000000030c
Event: 8.872 Thread 0x000002854f0e46c0 Uncommon trap: reason=bimorphic_or_optimized_type_check action=maybe_recompile pc=0x000002852aac5dec method=com.google.common.base.CharMatcher.indexIn(Ljava/lang/CharSequence;I)I @ 31 c2
Event: 8.872 Thread 0x000002854f0e46c0 DEOPT PACKING pc=0x000002852aac5dec sp=0x000000b022bf8560
Event: 8.872 Thread 0x000002854f0e46c0 DEOPT UNPACKING pc=0x000002852a3d46a2 sp=0x000000b022bf8508 mode 2

Classes loaded (20 events):
Event: 8.753 Loading class javax/net/ssl/HostnameVerifier
Event: 8.754 Loading class javax/net/ssl/HostnameVerifier done
Event: 8.756 Loading class javax/net/ssl/TrustManager
Event: 8.756 Loading class javax/net/ssl/TrustManager done
Event: 8.756 Loading class javax/net/ssl/X509TrustManager
Event: 8.757 Loading class javax/net/ssl/X509TrustManager done
Event: 8.758 Loading class javax/net/ssl/SSLException
Event: 8.759 Loading class javax/net/ssl/SSLException done
Event: 8.759 Loading class javax/net/ssl/SSLPeerUnverifiedException
Event: 8.759 Loading class javax/net/ssl/SSLPeerUnverifiedException done
Event: 8.759 Loading class javax/naming/NamingException
Event: 8.759 Loading class javax/naming/NamingException done
Event: 8.759 Loading class javax/naming/InvalidNameException
Event: 8.759 Loading class javax/naming/InvalidNameException done
Event: 8.759 Loading class java/security/cert/CertificateParsingException
Event: 8.759 Loading class java/security/cert/CertificateException
Event: 8.760 Loading class java/security/cert/CertificateException done
Event: 8.760 Loading class java/security/cert/CertificateParsingException done
Event: 8.859 Loading class java/util/function/IntBinaryOperator
Event: 8.859 Loading class java/util/function/IntBinaryOperator done

Classes unloaded (0 events):
No events

Classes redefined (0 events):
No events

Internal exceptions (20 events):
Event: 8.576 Thread 0x000002854f0e46c0 Exception <a 'java/lang/NoSuchMethodError'{0x00000000ed68ed00}: 'long java.lang.invoke.DirectMethodHandle$Holder.invokeStatic(java.lang.Object, long)'> (0x00000000ed68ed00) 
thrown [s\open\src\hotspot\share\interpreter\linkResolver.cpp, line 773]
Event: 8.748 Thread 0x000002854f0e46c0 Exception <a 'java/lang/NoSuchMethodError'{0x00000000ecbff4c0}: 'java.lang.Object java.lang.invoke.DirectMethodHandle$Holder.invokeVirtual(java.lang.Object, java.lang.Object, java.lang.Object, java.lang.Object, java.lang.Object, java.lang.Object, java.lang.Object, java.lang.Object, java.lang.Object, java.lang.Object, java.lang.Object, java.lang.Object, java.lang.Object, java.lang.Object, java.lang.Object, java.lang.Object, java.lang.Object)'> (0x00000000ecbff4c0) 
thrown [s\open\src\hotspot\share\interpret
Event: 8.748 Thread 0x000002854f0e46c0 Exception <a 'java/lang/NoSuchMethodError'{0x00000000eca05a10}: 'java.lang.Object java.lang.invoke.DirectMethodHandle$Holder.invokeSpecial(java.lang.Object, java.lang.Object, java.lang.Object, java.lang.Object, java.lang.Object, java.lang.Object, java.lang.Object, java.lang.Object, java.lang.Object, java.lang.Object, java.lang.Object, java.lang.Object, java.lang.Object, java.lang.Object, java.lang.Object, java.lang.Object, java.lang.Object, java.lang.Object)'> (0x00000000eca05a10) 
thrown [s\open\src\hotsp
Event: 8.749 Thread 0x000002854f0e46c0 Exception <a 'java/lang/NoSuchMethodError'{0x00000000eca0afc8}: 'java.lang.Object java.lang.invoke.DelegatingMethodHandle$Holder.reinvoke_L(java.lang.Object, java.lang.Object, java.lang.Object, java.lang.Object, java.lang.Object, java.lang.Object, java.lang.Object, java.lang.Object, java.lang.Object, java.lang.Object, java.lang.Object, java.lang.Object, java.lang.Object, java.lang.Object, java.lang.Object, java.lang.Object, java.lang.Object)'> (0x00000000eca0afc8) 
thrown [s\open\src\hotspot\share\interpre
Event: 8.776 Thread 0x000002854f0e46c0 Exception <a 'java/lang/NoSuchMethodError'{0x00000000ec836460}: 'void java.lang.invoke.DirectMethodHandle$Holder.invokeStatic(java.lang.Object, java.lang.Object, java.lang.Object, java.lang.Object, java.lang.Object, java.lang.Object)'> (0x00000000ec836460) 
thrown [s\open\src\hotspot\share\interpreter\linkResolver.cpp, line 773]
Event: 8.791 Thread 0x000002854f0e46c0 Exception <a 'java/lang/NoSuchMethodError'{0x00000000ec8d3248}: 'java.lang.Object java.lang.invoke.DirectMethodHandle$Holder.invokeSpecial(java.lang.Object, java.lang.Object, java.lang.Object, java.lang.Object, java.lang.Object, java.lang.Object, java.lang.Object, java.lang.Object, java.lang.Object, java.lang.Object, java.lang.Object, java.lang.Object, java.lang.Object, java.lang.Object, java.lang.Object, java.lang.Object, java.lang.Object, java.lang.Object, java.lang.Object, java.lang.Object, java.lang.Ob
Event: 8.791 Thread 0x000002854f0e46c0 Exception <a 'java/lang/NoSuchMethodError'{0x00000000ec8d9180}: 'java.lang.Object java.lang.invoke.DelegatingMethodHandle$Holder.reinvoke_L(java.lang.Object, java.lang.Object, java.lang.Object, java.lang.Object, java.lang.Object, java.lang.Object, java.lang.Object, java.lang.Object, java.lang.Object, java.lang.Object, java.lang.Object, java.lang.Object, java.lang.Object, java.lang.Object, java.lang.Object, java.lang.Object, java.lang.Object, java.lang.Object, java.lang.Object, java.lang.Object, java.lang.O
Event: 8.792 Thread 0x000002854f0e46c0 Exception <a 'java/lang/NoSuchMethodError'{0x00000000ec8e45f8}: 'java.lang.Object java.lang.invoke.Invokers$Holder.invoker(java.lang.Object, java.lang.Object, java.lang.Object, java.lang.Object, java.lang.Object, java.lang.Object, java.lang.Object, java.lang.Object, java.lang.Object, java.lang.Object, java.lang.Object, java.lang.Object, java.lang.Object, java.lang.Object, java.lang.Object, java.lang.Object, java.lang.Object, java.lang.Object, java.lang.Object, java.lang.Object, java.lang.Object, java.lang.
Event: 8.792 Thread 0x000002854f0e46c0 Exception <a 'java/lang/NoSuchMethodError'{0x00000000ec8eaa80}: 'java.lang.Object java.lang.invoke.DelegatingMethodHandle$Holder.delegate(java.lang.Object, java.lang.Object, java.lang.Object, java.lang.Object, java.lang.Object, java.lang.Object, java.lang.Object, java.lang.Object, java.lang.Object, java.lang.Object, java.lang.Object, java.lang.Object, java.lang.Object, java.lang.Object, java.lang.Object, java.lang.Object, java.lang.Object, java.lang.Object, java.lang.Object, java.lang.Object, java.lang.Obj
Event: 8.830 Thread 0x000002854f0e46c0 Exception <a 'java/lang/ClassNotFoundException'{0x00000000ec5d0150}: build_d7bihcq2gthlhik02p4kri7zcBeanInfo> (0x00000000ec5d0150) 
thrown [s\open\src\hotspot\share\classfile\systemDictionary.cpp, line 312]
Event: 8.831 Thread 0x000002854f0e46c0 Exception <a 'java/lang/ClassNotFoundException'{0x00000000ec5d9908}: org/gradle/api/internal/project/ProjectScriptBeanInfo> (0x00000000ec5d9908) 
thrown [s\open\src\hotspot\share\classfile\systemDictionary.cpp, line 312]
Event: 8.831 Thread 0x000002854f0e46c0 Exception <a 'java/lang/ClassNotFoundException'{0x00000000ec5e31a0}: org/gradle/api/internal/project/ProjectScriptCustomizer> (0x00000000ec5e31a0) 
thrown [s\open\src\hotspot\share\classfile\systemDictionary.cpp, line 312]
Event: 8.832 Thread 0x000002854f0e46c0 Exception <a 'java/lang/ClassNotFoundException'{0x00000000ec5fa770}: build_d7bihcq2gthlhik02p4kri7zcCustomizer> (0x00000000ec5fa770) 
thrown [s\open\src\hotspot\share\classfile\systemDictionary.cpp, line 312]
Event: 8.852 Thread 0x000002854f0e46c0 Exception <a 'java/lang/ClassNotFoundException'{0x00000000ec45a598}: org/gradle/internal/metaobject/ConfigureDelegateBeanInfo> (0x00000000ec45a598) 
thrown [s\open\src\hotspot\share\classfile\systemDictionary.cpp, line 312]
Event: 8.852 Thread 0x000002854f0e46c0 Exception <a 'java/lang/ClassNotFoundException'{0x00000000ec468f38}: org/gradle/internal/metaobject/ConfigureDelegateCustomizer> (0x00000000ec468f38) 
thrown [s\open\src\hotspot\share\classfile\systemDictionary.cpp, line 312]
Event: 8.863 Thread 0x000002854f0e46c0 Exception <a 'java/lang/ClassNotFoundException'{0x00000000ec31ae08}: org/gradle/plugin/use/internal/PluginRequestCollector$PluginDependenciesSpecImplBeanInfo> (0x00000000ec31ae08) 
thrown [s\open\src\hotspot\share\classfile\systemDictionary.cpp, line 312]
Event: 8.864 Thread 0x000002854f0e46c0 Exception <a 'java/lang/ClassNotFoundException'{0x00000000ec32ac80}: org/gradle/plugin/use/internal/PluginRequestCollector$PluginDependenciesSpecImplCustomizer> (0x00000000ec32ac80) 
thrown [s\open\src\hotspot\share\classfile\systemDictionary.cpp, line 312]
Event: 8.865 Thread 0x000002854f0e46c0 Exception <a 'java/lang/NoSuchMethodError'{0x00000000ec338bc0}: 'java.lang.Object java.lang.invoke.DirectMethodHandle$Holder.invokeVirtual(java.lang.Object, java.lang.Object, java.lang.Object, int)'> (0x00000000ec338bc0) 
thrown [s\open\src\hotspot\share\interpreter\linkResolver.cpp, line 773]
Event: 8.870 Thread 0x000002854f0e46c0 Exception <a 'java/lang/ClassNotFoundException'{0x00000000ec37e1c8}: org/gradle/plugin/use/internal/PluginRequestCollector$PluginDependencySpecImplBeanInfo> (0x00000000ec37e1c8) 
thrown [s\open\src\hotspot\share\classfile\systemDictionary.cpp, line 312]
Event: 8.871 Thread 0x000002854f0e46c0 Exception <a 'java/lang/ClassNotFoundException'{0x00000000ec38dfb8}: org/gradle/plugin/use/internal/PluginRequestCollector$PluginDependencySpecImplCustomizer> (0x00000000ec38dfb8) 
thrown [s\open\src\hotspot\share\classfile\systemDictionary.cpp, line 312]

ZGC Phase Switch (0 events):
No events

VM Operations (20 events):
Event: 7.834 Executing VM operation: CollectForMetadataAllocation (Metadata GC Threshold)
Event: 7.843 Executing VM operation: CollectForMetadataAllocation (Metadata GC Threshold) done
Event: 7.886 Executing VM operation: HandshakeAllThreads (Deoptimize)
Event: 7.886 Executing VM operation: HandshakeAllThreads (Deoptimize) done
Event: 7.886 Executing VM operation: CollectForMetadataAllocation (Metadata GC Threshold)
Event: 7.894 Executing VM operation: CollectForMetadataAllocation (Metadata GC Threshold) done
Event: 8.050 Executing VM operation: CollectForMetadataAllocation (Metadata GC Threshold)
Event: 8.056 Executing VM operation: CollectForMetadataAllocation (Metadata GC Threshold) done
Event: 8.073 Executing VM operation: G1PauseRemark
Event: 8.076 Executing VM operation: G1PauseRemark done
Event: 8.083 Executing VM operation: G1PauseCleanup
Event: 8.083 Executing VM operation: G1PauseCleanup done
Event: 8.370 Executing VM operation: ICBufferFull
Event: 8.370 Executing VM operation: ICBufferFull done
Event: 8.475 Executing VM operation: HandshakeAllThreads (Deoptimize)
Event: 8.476 Executing VM operation: HandshakeAllThreads (Deoptimize) done
Event: 8.601 Executing VM operation: HandshakeAllThreads (Deoptimize)
Event: 8.601 Executing VM operation: HandshakeAllThreads (Deoptimize) done
Event: 8.758 Executing VM operation: ICBufferFull
Event: 8.758 Executing VM operation: ICBufferFull done

Events (20 events):
Event: 8.076 Thread 0x0000028535d40730 flushing nmethod 0x000002852a931490
Event: 8.076 Thread 0x0000028535d40730 flushing nmethod 0x000002852a931010
Event: 8.076 Thread 0x0000028535d40730 flushing nmethod 0x000002852a94f690
Event: 8.076 Thread 0x0000028535d40730 flushing nmethod 0x000002852a93f690
Event: 8.076 Thread 0x0000028535d40730 flushing nmethod 0x000002852a92e710
Event: 8.076 Thread 0x0000028535d40730 flushing nmethod 0x000002852a95e190
Event: 8.076 Thread 0x0000028535d40730 flushing nmethod 0x000002852a95bb10
Event: 8.076 Thread 0x0000028535d40730 flushing nmethod 0x000002852a95af90
Event: 8.076 Thread 0x0000028535d40730 flushing nmethod 0x000002852a95ac90
Event: 8.076 Thread 0x0000028535d40730 flushing nmethod 0x000002852a94dc90
Event: 8.076 Thread 0x0000028535d40730 flushing nmethod 0x000002852a94be10
Event: 8.076 Thread 0x0000028535d40730 flushing nmethod 0x000002852a960410
Event: 8.076 Thread 0x0000028535d40730 flushing nmethod 0x000002852a949b90
Event: 8.076 Thread 0x0000028535d40730 flushing nmethod 0x000002852a929890
Event: 8.225 Thread 0x00000285529858d0 Thread added: 0x00000285529858d0
Event: 8.251 Thread 0x0000028552982ae0 Thread added: 0x0000028552982ae0
Event: 8.347 Thread 0x0000028552986c80 Thread added: 0x0000028552986c80
Event: 8.359 Thread 0x0000028552985f60 Thread added: 0x0000028552985f60
Event: 8.788 Thread 0x000002855297fcf0 Thread added: 0x000002855297fcf0
Event: 8.821 Thread 0x0000028552987310 Thread added: 0x0000028552987310


Dynamic libraries:
0x00007ff6207e0000 - 0x00007ff6207f0000 	C:\Program Files\Java\jdk-21\bin\java.exe
0x00007ffa3b5d0000 - 0x00007ffa3b7e7000 	C:\WINDOWS\SYSTEM32\ntdll.dll
0x00007ffa3aad0000 - 0x00007ffa3ab94000 	C:\WINDOWS\System32\KERNEL32.DLL
0x00007ffa38ee0000 - 0x00007ffa3929a000 	C:\WINDOWS\System32\KERNELBASE.dll
0x00007ffa38ca0000 - 0x00007ffa38db1000 	C:\WINDOWS\System32\ucrtbase.dll
0x00007ffa03ae0000 - 0x00007ffa03afb000 	C:\Program Files\Java\jdk-21\bin\VCRUNTIME140.dll
0x00007ff9fc630000 - 0x00007ff9fc649000 	C:\Program Files\Java\jdk-21\bin\jli.dll
0x00007ffa3a7b0000 - 0x00007ffa3a862000 	C:\WINDOWS\System32\ADVAPI32.dll
0x00007ffa3b1d0000 - 0x00007ffa3b277000 	C:\WINDOWS\System32\msvcrt.dll
0x00007ffa39b90000 - 0x00007ffa39c37000 	C:\WINDOWS\System32\sechost.dll
0x00007ffa38a90000 - 0x00007ffa38ab8000 	C:\WINDOWS\System32\bcrypt.dll
0x00007ffa3a930000 - 0x00007ffa3aa44000 	C:\WINDOWS\System32\RPCRT4.dll
0x00007ffa20ca0000 - 0x00007ffa20f32000 	C:\WINDOWS\WinSxS\amd64_microsoft.windows.common-controls_6595b64144ccf1df_6.0.22621.4541_none_2710d1c57384c085\COMCTL32.dll
0x00007ffa39340000 - 0x00007ffa394ee000 	C:\WINDOWS\System32\USER32.dll
0x00007ffa392f0000 - 0x00007ffa39319000 	C:\WINDOWS\System32\GDI32.dll
0x00007ffa388f0000 - 0x00007ffa38916000 	C:\WINDOWS\System32\win32u.dll
0x00007ffa38dc0000 - 0x00007ffa38edb000 	C:\WINDOWS\System32\gdi32full.dll
0x00007ffa38c00000 - 0x00007ffa38c9a000 	C:\WINDOWS\System32\msvcp_win.dll
0x00007ffa34630000 - 0x00007ffa3463a000 	C:\WINDOWS\SYSTEM32\VERSION.dll
0x00007ffa3a8e0000 - 0x00007ffa3a911000 	C:\WINDOWS\System32\IMM32.DLL
0x00007ffa34310000 - 0x00007ffa3431c000 	C:\Program Files\Java\jdk-21\bin\vcruntime140_1.dll
0x00007ff9dfee0000 - 0x00007ff9dff6e000 	C:\Program Files\Java\jdk-21\bin\msvcp140.dll
0x00007ff9670d0000 - 0x00007ff967de7000 	C:\Program Files\Java\jdk-21\bin\server\jvm.dll
0x00007ffa3a630000 - 0x00007ffa3a6a1000 	C:\WINDOWS\System32\WS2_32.dll
0x00007ffa37700000 - 0x00007ffa3774d000 	C:\WINDOWS\SYSTEM32\POWRPROF.dll
0x00007ffa32610000 - 0x00007ffa32644000 	C:\WINDOWS\SYSTEM32\WINMM.dll
0x00007ffa376e0000 - 0x00007ffa376f3000 	C:\WINDOWS\SYSTEM32\UMPDC.dll
0x00007ffa37900000 - 0x00007ffa37918000 	C:\WINDOWS\SYSTEM32\kernel.appcore.dll
0x00007ff9fc6d0000 - 0x00007ff9fc6da000 	C:\Program Files\Java\jdk-21\bin\jimage.dll
0x00007ffa36290000 - 0x00007ffa364c2000 	C:\WINDOWS\SYSTEM32\DBGHELP.DLL
0x00007ffa3aba0000 - 0x00007ffa3af2f000 	C:\WINDOWS\System32\combase.dll
0x00007ffa3a550000 - 0x00007ffa3a627000 	C:\WINDOWS\System32\OLEAUT32.dll
0x00007ffa0c4b0000 - 0x00007ffa0c4e2000 	C:\WINDOWS\SYSTEM32\dbgcore.DLL
0x00007ffa38870000 - 0x00007ffa388eb000 	C:\WINDOWS\System32\bcryptPrimitives.dll
0x00007ff9f52b0000 - 0x00007ff9f52bf000 	C:\Program Files\Java\jdk-21\bin\instrument.dll
0x00007ff9dfec0000 - 0x00007ff9dfedf000 	C:\Program Files\Java\jdk-21\bin\java.dll
0x00007ffa39c40000 - 0x00007ffa3a4b8000 	C:\WINDOWS\System32\SHELL32.dll
0x00007ffa367b0000 - 0x00007ffa370b8000 	C:\WINDOWS\SYSTEM32\windows.storage.dll
0x00007ffa36670000 - 0x00007ffa367af000 	C:\WINDOWS\SYSTEM32\wintypes.dll
0x00007ffa3b460000 - 0x00007ffa3b55a000 	C:\WINDOWS\System32\SHCORE.dll
0x00007ffa3b3f0000 - 0x00007ffa3b44e000 	C:\WINDOWS\System32\shlwapi.dll
0x00007ffa387a0000 - 0x00007ffa387cb000 	C:\WINDOWS\SYSTEM32\profapi.dll
0x00007ff9eb370000 - 0x00007ff9eb447000 	C:\Program Files\Java\jdk-21\bin\jsvml.dll
0x00007ff9dfb60000 - 0x00007ff9dfb78000 	C:\Program Files\Java\jdk-21\bin\zip.dll
0x00007ff9f52a0000 - 0x00007ff9f52b0000 	C:\Program Files\Java\jdk-21\bin\net.dll
0x00007ffa32340000 - 0x00007ffa32476000 	C:\WINDOWS\SYSTEM32\WINHTTP.dll
0x00007ffa37e20000 - 0x00007ffa37e89000 	C:\WINDOWS\system32\mswsock.dll
0x00007ff9dfb40000 - 0x00007ff9dfb56000 	C:\Program Files\Java\jdk-21\bin\nio.dll
0x00007ff9e6220000 - 0x00007ff9e6230000 	C:\Program Files\Java\jdk-21\bin\verify.dll
0x00007ff9e6230000 - 0x00007ff9e6257000 	C:\Users\qivub\.gradle\native\c067742578af261105cb4f569cf0c3c89f3d7b1fecec35dd04571415982c5e48\windows-amd64\native-platform.dll
0x00007ff9dd350000 - 0x00007ff9dd494000 	C:\Users\qivub\.gradle\native\100fb08df4bc3b14c8652ba06237920a3bd2aa13389f12d3474272988ae205f9\windows-amd64\native-platform-file-events.dll
0x00007ff9dfb30000 - 0x00007ff9dfb3a000 	C:\Program Files\Java\jdk-21\bin\management.dll
0x00007ff9dfb20000 - 0x00007ff9dfb2b000 	C:\Program Files\Java\jdk-21\bin\management_ext.dll
0x00007ffa394f0000 - 0x00007ffa394f8000 	C:\WINDOWS\System32\PSAPI.DLL
0x00007ffa38070000 - 0x00007ffa3808b000 	C:\WINDOWS\SYSTEM32\CRYPTSP.dll
0x00007ffa37920000 - 0x00007ffa37955000 	C:\WINDOWS\system32\rsaenh.dll
0x00007ffa37f10000 - 0x00007ffa37f38000 	C:\WINDOWS\SYSTEM32\USERENV.dll
0x00007ffa38090000 - 0x00007ffa3809c000 	C:\WINDOWS\SYSTEM32\CRYPTBASE.dll
0x00007ffa373a0000 - 0x00007ffa373cd000 	C:\WINDOWS\SYSTEM32\IPHLPAPI.DLL
0x00007ffa3a920000 - 0x00007ffa3a929000 	C:\WINDOWS\System32\NSI.dll
0x00007ff9dfb10000 - 0x00007ff9dfb19000 	C:\Program Files\Java\jdk-21\bin\extnet.dll
0x00007ff9dfb00000 - 0x00007ff9dfb0e000 	C:\Program Files\Java\jdk-21\bin\sunmscapi.dll
0x00007ffa38920000 - 0x00007ffa38a86000 	C:\WINDOWS\System32\CRYPT32.dll
0x00007ffa38210000 - 0x00007ffa3823d000 	C:\WINDOWS\SYSTEM32\ncrypt.dll
0x00007ffa381d0000 - 0x00007ffa38207000 	C:\WINDOWS\SYSTEM32\NTASN1.dll
0x00007ff9e9920000 - 0x00007ff9e9928000 	C:\WINDOWS\system32\wshunix.dll

dbghelp: loaded successfully - version: 4.0.5 - missing functions: none
symbol engine: initialized successfully - sym options: 0x614 - pdb path: .;C:\Program Files\Java\jdk-21\bin;C:\WINDOWS\SYSTEM32;C:\WINDOWS\WinSxS\amd64_microsoft.windows.common-controls_6595b64144ccf1df_6.0.22621.4541_none_2710d1c57384c085;C:\Program Files\Java\jdk-21\bin\server;C:\Users\qivub\.gradle\native\c067742578af261105cb4f569cf0c3c89f3d7b1fecec35dd04571415982c5e48\windows-amd64;C:\Users\qivub\.gradle\native\100fb08df4bc3b14c8652ba06237920a3bd2aa13389f12d3474272988ae205f9\windows-amd64

VM Arguments:
jvm_args: --add-opens=java.base/java.util=ALL-UNNAMED --add-opens=java.base/java.lang=ALL-UNNAMED --add-opens=java.base/java.lang.invoke=ALL-UNNAMED --add-opens=java.prefs/java.util.prefs=ALL-UNNAMED --add-opens=java.base/java.nio.charset=ALL-UNNAMED --add-opens=java.base/java.net=ALL-UNNAMED --add-opens=java.base/java.util.concurrent.atomic=ALL-UNNAMED -XX:MaxMetaspaceSize=384m -XX:+HeapDumpOnOutOfMemoryError -Xms256m -Xmx512m -Dfile.encoding=windows-1258 -Duser.country=US -Duser.language=en -Duser.variant -javaagent:C:\Users\qivub\.gradle\wrapper\dists\gradle-8.8-bin\dl7vupf4psengwqhwktix4v1\gradle-8.8\lib\agents\gradle-instrumentation-agent-8.8.jar 
java_command: org.gradle.launcher.daemon.bootstrap.GradleDaemon 8.8
java_class_path (initial): C:\Users\qivub\.gradle\wrapper\dists\gradle-8.8-bin\dl7vupf4psengwqhwktix4v1\gradle-8.8\lib\gradle-launcher-8.8.jar
Launcher Type: SUN_STANDARD

[Global flags]
     intx CICompilerCount                          = 4                                         {product} {ergonomic}
   size_t CompressedClassSpaceSize                 = 335544320                                 {product} {ergonomic}
     uint ConcGCThreads                            = 2                                         {product} {ergonomic}
     uint G1ConcRefinementThreads                  = 8                                         {product} {ergonomic}
   size_t G1HeapRegionSize                         = 1048576                                   {product} {ergonomic}
    uintx GCDrainStackTargetSize                   = 64                                        {product} {ergonomic}
     bool HeapDumpOnOutOfMemoryError               = true                                   {manageable} {command line}
   size_t InitialHeapSize                          = 268435456                                 {product} {command line}
   size_t MarkStackSize                            = 4194304                                   {product} {ergonomic}
   size_t MaxHeapSize                              = 536870912                                 {product} {command line}
   size_t MaxMetaspaceSize                         = 402653184                                 {product} {command line}
   size_t MaxNewSize                               = 321912832                                 {product} {ergonomic}
   size_t MinHeapDeltaBytes                        = 1048576                                   {product} {ergonomic}
   size_t MinHeapSize                              = 268435456                                 {product} {command line}
    uintx NonNMethodCodeHeapSize                   = 5839372                                {pd product} {ergonomic}
    uintx NonProfiledCodeHeapSize                  = 122909434                              {pd product} {ergonomic}
    uintx ProfiledCodeHeapSize                     = 122909434                              {pd product} {ergonomic}
    uintx ReservedCodeCacheSize                    = 251658240                              {pd product} {ergonomic}
     bool SegmentedCodeCache                       = true                                      {product} {ergonomic}
   size_t SoftMaxHeapSize                          = 536870912                              {manageable} {ergonomic}
     bool UseCompressedOops                        = true                           {product lp64_product} {ergonomic}
     bool UseG1GC                                  = true                                      {product} {ergonomic}
     bool UseLargePagesIndividualAllocation        = false                                  {pd product} {ergonomic}

Logging:
Log output configuration:
 #0: stdout all=warning uptime,level,tags foldmultilines=false
 #1: stderr all=off uptime,level,tags foldmultilines=false

Environment Variables:
PATH=C:\Python312\Scripts\;C:\Python312\;C:\Program Files\Common Files\Oracle\Java\javapath;C:\WINDOWS\system32;C:\WINDOWS;C:\WINDOWS\System32\Wbem;C:\WINDOWS\System32\WindowsPowerShell\v1.0\;C:\WINDOWS\System32\OpenSSH\;C:\Program Files\Microsoft SQL Server\Client SDK\ODBC\170\Tools\Binn\;C:\Program Files (x86)\Microsoft SQL Server\150\Tools\Binn\;C:\Program Files\Microsoft SQL Server\150\Tools\Binn\;C:\Program Files\Microsoft SQL Server\150\DTS\Binn\;C:\Program Files\Azure Data Studio\bin;C:\Program Files (x86)\Microsoft SQL Server\160\DTS\Binn\;C:\Program Files\NVIDIA Corporation\NVIDIA NvDLISR;C:\Program Files (x86)\NVIDIA Corporation\PhysX\Common;C:\Users\qivub\AppData\Local\Microsoft\WindowsApps;C:\Users\qivub\AppData\Local\Programs\Microsoft VS Code\bin;C:\adb;C:\Program Files\dotnet\;C:\Program Files\Git\cmd;C:\Program Files\nodejs\;C:\ProgramData\chocolatey\bin;C:\Users\qivub\AppData\Local\Microsoft\WindowsApps;C:\Program Files\Azure Data Studio\bin;D:\Microsoft VS Code\bin;C:\Program Files\JetBrains\IntelliJ IDEA 2024.1.4\bin;;C:\Users\qivub\AppData\Local\GitHubDesktop\bin;C:\Users\qivub\AppData\Local\Microsoft\WinGet\Packages\Schniz.fnm_Microsoft.Winget.Source_8wekyb3d8bbwe;C:\Users\qivub\AppData\Roaming\npm
USERNAME=qivub
OS=Windows_NT
PROCESSOR_IDENTIFIER=Intel64 Family 6 Model 165 Stepping 2, GenuineIntel
TMP=C:\Users\qivub\AppData\Local\Temp
TEMP=C:\Users\qivub\AppData\Local\Temp




Periodic native trim disabled

---------------  S Y S T E M  ---------------

OS:
 Windows 11 , 64 bit Build 22621 (10.0.22621.4391)
OS uptime: 1 days 15:39 hours

CPU: total 8 (initial active 8) (4 cores per cpu, 2 threads per core) family 6 model 165 stepping 2 microcode 0xe0, cx8, cmov, fxsr, ht, mmx, 3dnowpref, sse, sse2, sse3, ssse3, sse4.1, sse4.2, popcnt, lzcnt, tsc, tscinvbit, avx, avx2, aes, erms, clmul, bmi1, bmi2, adx, fma, vzeroupper, clflush, clflushopt, rdtscp, f16c, pku
Processor Information for all 8 processors :
  Max Mhz: 2496, Current Mhz: 2496, Mhz Limit: 2496

Memory: 4k page, system-wide physical 16221M (3214M free)
TotalPageFile size 39515M (AvailPageFile size 0M)
current process WorkingSet (physical memory assigned to process): 337M, peak: 337M
current process commit charge ("private bytes"): 488M, peak: 490M

vm_info: Java HotSpot(TM) 64-Bit Server VM (21.0.2+13-LTS-58) for windows-amd64 JRE (21.0.2+13-LTS-58), built on 2024-01-05T18:32:24Z by "mach5one" with MS VC++ 17.1 (VS2022)

END.
